2023-09-25 08:48:22,172 [INFO] Activator:177 - 


2023-09-25 08:48:22,173 [INFO] Activator:178 - !SESSION log4j initialized
2023-09-25 08:48:34,323 [INFO] McuFinderGlobals:39 - Set McuFinder mode to 2 (CubeIDE integrated)
2023-09-25 08:48:34,468 [INFO] ApplicationProperties:181 - Using Application install path: D:\Study\MCU\Software\real\STM32CubeIDE_1.7.0\STM32CubeIDE\plugins\com.st.stm32cube.common.mx_6.3.0.202107141111
2023-09-25 08:48:34,478 [INFO] DbMcusXml:74 - Set database path to: D:\Study\MCU\Software\real\STM32CubeIDE_1.7.0\STM32CubeIDE\plugins\com.st.stm32cube.common.mx_6.3.0.202107141111\\db\/mcu/
2023-09-25 08:48:34,481 [INFO] DbBoardsPdsc:56 - Set plugin database path to: D:\Study\MCU\Software\real\STM32CubeIDE_1.7.0\STM32CubeIDE\plugins\com.st.stm32cube.common.mx_6.3.0.202107141111\\db\/plugins/boardmanager/
2023-09-25 08:48:34,482 [INFO] DbMcus:258 - Set plugin images path to: D:\Study\MCU\Software\real\STM32CubeIDE_1.7.0\STM32CubeIDE\plugins\com.st.stm32cube.common.mx_6.3.0.202107141111\\db\/plugins/mcufinder/images/
2023-09-25 08:48:34,482 [INFO] DbBoards:264 - Set plugin images path to: D:\Study\MCU\Software\real\STM32CubeIDE_1.7.0\STM32CubeIDE\plugins\com.st.stm32cube.common.mx_6.3.0.202107141111\\db\/plugins/mcufinder/images/
2023-09-25 08:48:34,484 [INFO] DbExamples:333 - Set plugin images path to: D:\Study\MCU\Software\real\STM32CubeIDE_1.7.0\STM32CubeIDE\plugins\com.st.stm32cube.common.mx_6.3.0.202107141111\\db\/plugins/mcufinder/images/
2023-09-25 08:48:34,489 [INFO] DbMcusAds:119 - Set database path to: C:\Users\Huy Minh\.stmcufinder\plugins\mcufinder//mcu/
2023-09-25 08:48:34,490 [INFO] DbMcusDocs:110 - Set database path to: C:\Users\Huy Minh\.stmcufinder\plugins\mcufinder//mcu/
2023-09-25 08:48:34,491 [INFO] DbMcusJson:64 - Set database path to: C:\Users\Huy Minh\.stmcufinder\plugins\mcufinder//mcu/
2023-09-25 08:48:34,492 [INFO] DbBoardsDocs:110 - Set database path to: C:\Users\Huy Minh\.stmcufinder\plugins\mcufinder//mcu/
2023-09-25 08:48:34,493 [INFO] DbBoardsJson:57 - Set database path to: C:\Users\Huy Minh\.stmcufinder\plugins\mcufinder//mcu/
2023-09-25 08:48:34,495 [INFO] CrossReferenceDbSqlite:196 - Set database path to: C:\Users\Huy Minh\.stmcufinder\plugins\mcufinder//mcu/cs/
2023-09-25 08:48:34,497 [INFO] DbExamplesSqlite:767 - Set database path to: C:\Users\Huy Minh\.stmcufinder\plugins\mcufinder//mcu/
2023-09-25 08:48:34,568 [INFO] RulesReader:57 - Compatibility file has been processed (242 Rules)
2023-09-25 08:48:34,643 [INFO] DbMcusXml:74 - Set database path to: D:\Study\MCU\Software\real\STM32CubeIDE_1.7.0\STM32CubeIDE\plugins\com.st.stm32cube.common.mx_6.3.0.202107141111\\db\/mcu/
2023-09-25 08:48:34,644 [INFO] DbBoardsPdsc:56 - Set plugin database path to: D:\Study\MCU\Software\real\STM32CubeIDE_1.7.0\STM32CubeIDE\plugins\com.st.stm32cube.common.mx_6.3.0.202107141111\\db\/plugins/boardmanager/
2023-09-25 08:48:34,644 [INFO] DbMcus:258 - Set plugin images path to: D:\Study\MCU\Software\real\STM32CubeIDE_1.7.0\STM32CubeIDE\plugins\com.st.stm32cube.common.mx_6.3.0.202107141111\\db\/plugins/mcufinder/images/
2023-09-25 08:48:34,644 [INFO] DbBoards:264 - Set plugin images path to: D:\Study\MCU\Software\real\STM32CubeIDE_1.7.0\STM32CubeIDE\plugins\com.st.stm32cube.common.mx_6.3.0.202107141111\\db\/plugins/mcufinder/images/
2023-09-25 08:48:34,644 [INFO] DbExamples:333 - Set plugin images path to: D:\Study\MCU\Software\real\STM32CubeIDE_1.7.0\STM32CubeIDE\plugins\com.st.stm32cube.common.mx_6.3.0.202107141111\\db\/plugins/mcufinder/images/
2023-09-25 08:48:34,644 [WARN] DbFile:35 - Overriding database path with different value: C:\Users\Huy Minh\.stmcufinder\plugins\mcufinder/ => C:\Users\Huy Minh\.stmcufinder\plugins\mcufinder
2023-09-25 08:48:34,644 [INFO] DbMcusAds:119 - Set database path to: C:\Users\Huy Minh\.stmcufinder\plugins\mcufinder//mcu/
2023-09-25 08:48:34,644 [WARN] DbFile:35 - Overriding database path with different value: C:\Users\Huy Minh\.stmcufinder\plugins\mcufinder/ => C:\Users\Huy Minh\.stmcufinder\plugins\mcufinder
2023-09-25 08:48:34,644 [INFO] DbMcusDocs:110 - Set database path to: C:\Users\Huy Minh\.stmcufinder\plugins\mcufinder//mcu/
2023-09-25 08:48:34,645 [WARN] DbFile:35 - Overriding database path with different value: C:\Users\Huy Minh\.stmcufinder\plugins\mcufinder/ => C:\Users\Huy Minh\.stmcufinder\plugins\mcufinder
2023-09-25 08:48:34,645 [INFO] DbMcusJson:64 - Set database path to: C:\Users\Huy Minh\.stmcufinder\plugins\mcufinder//mcu/
2023-09-25 08:48:34,645 [WARN] DbFile:35 - Overriding database path with different value: C:\Users\Huy Minh\.stmcufinder\plugins\mcufinder/ => C:\Users\Huy Minh\.stmcufinder\plugins\mcufinder
2023-09-25 08:48:34,645 [INFO] DbBoardsDocs:110 - Set database path to: C:\Users\Huy Minh\.stmcufinder\plugins\mcufinder//mcu/
2023-09-25 08:48:34,645 [WARN] DbFile:35 - Overriding database path with different value: C:\Users\Huy Minh\.stmcufinder\plugins\mcufinder/ => C:\Users\Huy Minh\.stmcufinder\plugins\mcufinder
2023-09-25 08:48:34,645 [INFO] DbBoardsJson:57 - Set database path to: C:\Users\Huy Minh\.stmcufinder\plugins\mcufinder//mcu/
2023-09-25 08:48:34,645 [WARN] DbFile:35 - Overriding database path with different value: C:\Users\Huy Minh\.stmcufinder\plugins\mcufinder/ => C:\Users\Huy Minh\.stmcufinder\plugins\mcufinder
2023-09-25 08:48:34,645 [WARN] DbFile:35 - Overriding database path with different value: C:\Users\Huy Minh\.stmcufinder\plugins\mcufinder/ => C:\Users\Huy Minh\.stmcufinder\plugins\mcufinder
2023-09-25 08:48:34,645 [INFO] CrossReferenceDbSqlite:196 - Set database path to: C:\Users\Huy Minh\.stmcufinder\plugins\mcufinder//mcu/cs/
2023-09-25 08:48:34,645 [WARN] DbFile:35 - Overriding database path with different value: C:\Users\Huy Minh\.stmcufinder\plugins\mcufinder/ => C:\Users\Huy Minh\.stmcufinder\plugins\mcufinder
2023-09-25 08:48:34,645 [INFO] DbExamplesSqlite:767 - Set database path to: C:\Users\Huy Minh\.stmcufinder\plugins\mcufinder//mcu/
2023-09-25 08:48:34,701 [INFO] MainPanel:214 - HeapMemory: 268435456
2023-09-25 08:48:34,771 [INFO] DbMcusXml:74 - Set database path to: D:\Study\MCU\Software\real\STM32CubeIDE_1.7.0\STM32CubeIDE\plugins\com.st.stm32cube.common.mx_6.3.0.202107141111\\db\/mcu/
2023-09-25 08:48:34,771 [INFO] DbBoardsPdsc:56 - Set plugin database path to: D:\Study\MCU\Software\real\STM32CubeIDE_1.7.0\STM32CubeIDE\plugins\com.st.stm32cube.common.mx_6.3.0.202107141111\\db\/plugins/boardmanager/
2023-09-25 08:48:34,771 [INFO] DbMcus:258 - Set plugin images path to: D:\Study\MCU\Software\real\STM32CubeIDE_1.7.0\STM32CubeIDE\plugins\com.st.stm32cube.common.mx_6.3.0.202107141111\\db\/plugins/mcufinder/images/
2023-09-25 08:48:34,771 [INFO] DbBoards:264 - Set plugin images path to: D:\Study\MCU\Software\real\STM32CubeIDE_1.7.0\STM32CubeIDE\plugins\com.st.stm32cube.common.mx_6.3.0.202107141111\\db\/plugins/mcufinder/images/
2023-09-25 08:48:34,771 [INFO] DbExamples:333 - Set plugin images path to: D:\Study\MCU\Software\real\STM32CubeIDE_1.7.0\STM32CubeIDE\plugins\com.st.stm32cube.common.mx_6.3.0.202107141111\\db\/plugins/mcufinder/images/
2023-09-25 08:48:34,772 [WARN] DbFile:35 - Overriding database path with different value: C:\Users\Huy Minh\.stmcufinder\plugins\mcufinder/ => C:\Users\Huy Minh\.stmcufinder\plugins\mcufinder
2023-09-25 08:48:34,772 [INFO] DbMcusAds:119 - Set database path to: C:\Users\Huy Minh\.stmcufinder\plugins\mcufinder//mcu/
2023-09-25 08:48:34,772 [WARN] DbFile:35 - Overriding database path with different value: C:\Users\Huy Minh\.stmcufinder\plugins\mcufinder/ => C:\Users\Huy Minh\.stmcufinder\plugins\mcufinder
2023-09-25 08:48:34,772 [INFO] DbMcusDocs:110 - Set database path to: C:\Users\Huy Minh\.stmcufinder\plugins\mcufinder//mcu/
2023-09-25 08:48:34,772 [WARN] DbFile:35 - Overriding database path with different value: C:\Users\Huy Minh\.stmcufinder\plugins\mcufinder/ => C:\Users\Huy Minh\.stmcufinder\plugins\mcufinder
2023-09-25 08:48:34,772 [INFO] DbMcusJson:64 - Set database path to: C:\Users\Huy Minh\.stmcufinder\plugins\mcufinder//mcu/
2023-09-25 08:48:34,773 [WARN] DbFile:35 - Overriding database path with different value: C:\Users\Huy Minh\.stmcufinder\plugins\mcufinder/ => C:\Users\Huy Minh\.stmcufinder\plugins\mcufinder
2023-09-25 08:48:34,773 [INFO] DbBoardsDocs:110 - Set database path to: C:\Users\Huy Minh\.stmcufinder\plugins\mcufinder//mcu/
2023-09-25 08:48:34,773 [WARN] DbFile:35 - Overriding database path with different value: C:\Users\Huy Minh\.stmcufinder\plugins\mcufinder/ => C:\Users\Huy Minh\.stmcufinder\plugins\mcufinder
2023-09-25 08:48:34,773 [INFO] DbBoardsJson:57 - Set database path to: C:\Users\Huy Minh\.stmcufinder\plugins\mcufinder//mcu/
2023-09-25 08:48:34,773 [WARN] DbFile:35 - Overriding database path with different value: C:\Users\Huy Minh\.stmcufinder\plugins\mcufinder/ => C:\Users\Huy Minh\.stmcufinder\plugins\mcufinder
2023-09-25 08:48:34,773 [WARN] DbFile:35 - Overriding database path with different value: C:\Users\Huy Minh\.stmcufinder\plugins\mcufinder/ => C:\Users\Huy Minh\.stmcufinder\plugins\mcufinder
2023-09-25 08:48:34,773 [INFO] CrossReferenceDbSqlite:196 - Set database path to: C:\Users\Huy Minh\.stmcufinder\plugins\mcufinder//mcu/cs/
2023-09-25 08:48:34,773 [WARN] DbFile:35 - Overriding database path with different value: C:\Users\Huy Minh\.stmcufinder\plugins\mcufinder/ => C:\Users\Huy Minh\.stmcufinder\plugins\mcufinder
2023-09-25 08:48:34,773 [INFO] DbExamplesSqlite:767 - Set database path to: C:\Users\Huy Minh\.stmcufinder\plugins\mcufinder//mcu/
2023-09-25 08:48:34,790 [INFO] ApplicationProperties:181 - Using Application install path: D:\Study\MCU\Software\real\STM32CubeIDE_1.7.0\STM32CubeIDE\plugins\com.st.stm32cube.common.mx_6.3.0.202107141111
2023-09-25 08:48:34,791 [INFO] PluginManage:188 - Search for loadable plugins [exclusion list=, ]
2023-09-25 08:48:34,792 [INFO] PluginManage:302 - Check plugin analytics
2023-09-25 08:48:34,904 [INFO] AnalyticsPlugin:257 - Accepted Software Licenses: 
2023-09-25 08:48:34,904 [INFO] AnalyticsPlugin:259 - Accepted CMSIS Pack Licenses: 
2023-09-25 08:48:34,905 [INFO] AnalyticsPlugin:261 - Accepted Firmware Licenses: 
2023-09-25 08:48:34,905 [INFO] PluginManage:352 - Loaded plugin analytics (category:tool,tabindex:-1)
2023-09-25 08:48:34,905 [INFO] PluginManage:302 - Check plugin clock
2023-09-25 08:48:34,916 [INFO] PluginManage:352 - Loaded plugin clock (category:base,tabindex:2)
2023-09-25 08:48:34,916 [INFO] PluginManage:302 - Check plugin ddr
2023-09-25 08:48:34,918 [INFO] PluginManage:352 - Loaded plugin ddr (category:tool,tabindex:6)
2023-09-25 08:48:34,918 [INFO] PluginManage:302 - Check plugin filemanager
2023-09-25 08:48:35,016 [INFO] PluginManage:352 - Loaded plugin filemanager (category:base,tabindex:10)
2023-09-25 08:48:35,017 [INFO] PluginManage:302 - Check plugin ipmanager
2023-09-25 08:48:35,024 [INFO] PluginManage:352 - Loaded plugin ipmanager (category:base,tabindex:5)
2023-09-25 08:48:35,024 [INFO] PluginManage:302 - Check plugin pinoutandconfiguration
2023-09-25 08:48:35,030 [INFO] PluginManage:352 - Loaded plugin pinoutandconfiguration (category:base,tabindex:1)
2023-09-25 08:48:35,031 [INFO] PluginManage:302 - Check plugin pinoutconfig
2023-09-25 08:48:35,054 [INFO] PluginManage:352 - Loaded plugin pinoutconfig (category:base,tabindex:0)
2023-09-25 08:48:35,054 [INFO] PluginManage:302 - Check plugin power
2023-09-25 08:48:35,089 [INFO] PluginManage:352 - Loaded plugin power (category:power,tabindex:4)
2023-09-25 08:48:35,090 [INFO] PluginManage:302 - Check plugin projectmanager
2023-09-25 08:48:35,104 [INFO] PluginManage:352 - Loaded plugin projectmanager (category:projectmanager,tabindex:3)
2023-09-25 08:48:35,105 [INFO] PluginManage:302 - Check plugin thirdparty
2023-09-25 08:48:35,200 [INFO] PluginManage:352 - Loaded plugin thirdparty (category:base,tabindex:-1)
2023-09-25 08:48:35,201 [INFO] PluginManage:302 - Check plugin tools
2023-09-25 08:48:35,201 [WARN] IntegrityCheckThread:78 - waiting for thirdparty lock release [integrity check]
2023-09-25 08:48:35,202 [INFO] IntegrityCheckThread:80 - entering critical section [integrity check]
2023-09-25 08:48:35,202 [INFO] ThirdPartyUpdaterWithRetryManager:66 - Updater plugin not ready yet. [1/15]
2023-09-25 08:48:35,203 [INFO] PluginManage:352 - Loaded plugin tools (category:base,tabindex:7)
2023-09-25 08:48:35,203 [INFO] PluginManage:302 - Check plugin tutovideos
2023-09-25 08:48:35,373 [INFO] PluginManage:352 - Loaded plugin tutovideos (category:base,tabindex:-1)
2023-09-25 08:48:35,374 [INFO] PluginManage:302 - Check plugin updater
2023-09-25 08:48:35,385 [INFO] PluginManage:352 - Loaded plugin updater (category:base,tabindex:12)
2023-09-25 08:48:35,386 [INFO] PluginManage:275 - PluginManage : Loaded plugins [13]
2023-09-25 08:48:35,532 [INFO] PinOutPanel:1463 - setPackage(No Configuration,No Configuration)
2023-09-25 08:48:35,605 [INFO] IPUIPlugin:74 - create IPUIPlugin
2023-09-25 08:48:35,605 [INFO] PluginManager:213 - loadIPPluginJar : add adc
2023-09-25 08:48:35,607 [INFO] IPUIPlugin:74 - create IPUIPlugin
2023-09-25 08:48:35,607 [INFO] PluginManager:213 - loadIPPluginJar : add aes
2023-09-25 08:48:35,609 [INFO] IPUIPlugin:74 - create IPUIPlugin
2023-09-25 08:48:35,609 [INFO] PluginManager:213 - loadIPPluginJar : add can
2023-09-25 08:48:35,610 [INFO] IPUIPlugin:74 - create IPUIPlugin
2023-09-25 08:48:35,610 [INFO] PluginManager:213 - loadIPPluginJar : add comp
2023-09-25 08:48:35,612 [INFO] IPUIPlugin:74 - create IPUIPlugin
2023-09-25 08:48:35,612 [INFO] PluginManager:213 - loadIPPluginJar : add cryp
2023-09-25 08:48:35,614 [INFO] IPUIPlugin:74 - create IPUIPlugin
2023-09-25 08:48:35,614 [INFO] PluginManager:213 - loadIPPluginJar : add dfsdm
2023-09-25 08:48:35,619 [INFO] IPUIPlugin:74 - create IPUIPlugin
2023-09-25 08:48:35,620 [INFO] PluginManager:213 - loadIPPluginJar : add dma
2023-09-25 08:48:35,622 [INFO] IPUIPlugin:74 - create IPUIPlugin
2023-09-25 08:48:35,622 [INFO] PluginManager:213 - loadIPPluginJar : add dma3
2023-09-25 08:48:35,623 [INFO] IPUIPlugin:74 - create IPUIPlugin
2023-09-25 08:48:35,623 [INFO] PluginManager:213 - loadIPPluginJar : add fatfs
2023-09-25 08:48:35,627 [INFO] IPUIPlugin:74 - create IPUIPlugin
2023-09-25 08:48:35,627 [INFO] PluginManager:213 - loadIPPluginJar : add fmc
2023-09-25 08:48:35,633 [INFO] IPUIPlugin:74 - create IPUIPlugin
2023-09-25 08:48:35,633 [INFO] PluginManager:213 - loadIPPluginJar : add freertos
2023-09-25 08:48:35,634 [INFO] IPUIPlugin:74 - create IPUIPlugin
2023-09-25 08:48:35,634 [INFO] PluginManager:213 - loadIPPluginJar : add genericplugin
2023-09-25 08:48:35,636 [INFO] IPUIPlugin:74 - create IPUIPlugin
2023-09-25 08:48:35,636 [INFO] PluginManager:213 - loadIPPluginJar : add gfxmmu
2023-09-25 08:48:35,640 [INFO] IPUIPlugin:74 - create IPUIPlugin
2023-09-25 08:48:35,641 [INFO] PluginManager:213 - loadIPPluginJar : add gic
2023-09-25 08:48:35,644 [INFO] IPUIPlugin:74 - create IPUIPlugin
2023-09-25 08:48:35,644 [INFO] PluginManager:213 - loadIPPluginJar : add gpio
2023-09-25 08:48:35,646 [INFO] IPUIPlugin:74 - create IPUIPlugin
2023-09-25 08:48:35,646 [INFO] PluginManager:213 - loadIPPluginJar : add gtzc
2023-09-25 08:48:35,648 [INFO] IPUIPlugin:74 - create IPUIPlugin
2023-09-25 08:48:35,648 [INFO] PluginManager:213 - loadIPPluginJar : add hash
2023-09-25 08:48:35,650 [INFO] IPUIPlugin:74 - create IPUIPlugin
2023-09-25 08:48:35,650 [INFO] PluginManager:213 - loadIPPluginJar : add i2c
2023-09-25 08:48:35,652 [INFO] IPUIPlugin:74 - create IPUIPlugin
2023-09-25 08:48:35,653 [INFO] PluginManager:213 - loadIPPluginJar : add i2s
2023-09-25 08:48:35,655 [INFO] IPUIPlugin:74 - create IPUIPlugin
2023-09-25 08:48:35,655 [INFO] PluginManager:213 - loadIPPluginJar : add ipddr
2023-09-25 08:48:35,661 [INFO] IPUIPlugin:74 - create IPUIPlugin
2023-09-25 08:48:35,661 [INFO] PluginManager:213 - loadIPPluginJar : add linkedlist
2023-09-25 08:48:35,663 [INFO] IPUIPlugin:74 - create IPUIPlugin
2023-09-25 08:48:35,663 [INFO] PluginManager:213 - loadIPPluginJar : add lorawan
2023-09-25 08:48:35,664 [INFO] IPUIPlugin:74 - create IPUIPlugin
2023-09-25 08:48:35,664 [INFO] PluginManager:213 - loadIPPluginJar : add ltdc
2023-09-25 08:48:35,667 [INFO] IPUIPlugin:74 - create IPUIPlugin
2023-09-25 08:48:35,668 [INFO] PluginManager:213 - loadIPPluginJar : add mdma
2023-09-25 08:48:35,670 [INFO] IPUIPlugin:74 - create IPUIPlugin
2023-09-25 08:48:35,671 [INFO] PluginManager:213 - loadIPPluginJar : add nvic
2023-09-25 08:48:35,673 [INFO] IPUIPlugin:74 - create IPUIPlugin
2023-09-25 08:48:35,673 [INFO] PluginManager:213 - loadIPPluginJar : add opamp
2023-09-25 08:48:35,675 [INFO] IPUIPlugin:74 - create IPUIPlugin
2023-09-25 08:48:35,675 [INFO] PluginManager:213 - loadIPPluginJar : add openamp
2023-09-25 08:48:35,677 [INFO] IPUIPlugin:74 - create IPUIPlugin
2023-09-25 08:48:35,677 [INFO] PluginManager:213 - loadIPPluginJar : add pdm2pcm
2023-09-25 08:48:35,682 [INFO] IPUIPlugin:74 - create IPUIPlugin
2023-09-25 08:48:35,685 [INFO] PluginManager:213 - loadIPPluginJar : add plateformsettings
2023-09-25 08:48:35,686 [INFO] IPUIPlugin:74 - create IPUIPlugin
2023-09-25 08:48:35,686 [INFO] PluginManager:213 - loadIPPluginJar : add quadspi
2023-09-25 08:48:35,689 [INFO] IPUIPlugin:74 - create IPUIPlugin
2023-09-25 08:48:35,689 [INFO] PluginManager:213 - loadIPPluginJar : add resmgrutility
2023-09-25 08:48:35,692 [INFO] IPUIPlugin:74 - create IPUIPlugin
2023-09-25 08:48:35,692 [INFO] PluginManager:213 - loadIPPluginJar : add sai
2023-09-25 08:48:35,693 [INFO] IPUIPlugin:74 - create IPUIPlugin
2023-09-25 08:48:35,693 [INFO] PluginManager:213 - loadIPPluginJar : add spi
2023-09-25 08:48:35,696 [INFO] IPUIPlugin:74 - create IPUIPlugin
2023-09-25 08:48:35,696 [INFO] PluginManager:213 - loadIPPluginJar : add stm32_wpan
2023-09-25 08:48:35,698 [INFO] IPUIPlugin:74 - create IPUIPlugin
2023-09-25 08:48:35,698 [INFO] PluginManager:213 - loadIPPluginJar : add tim
2023-09-25 08:48:35,701 [INFO] IPUIPlugin:74 - create IPUIPlugin
2023-09-25 08:48:35,701 [INFO] PluginManager:213 - loadIPPluginJar : add touchsensing
2023-09-25 08:48:35,703 [INFO] IPUIPlugin:74 - create IPUIPlugin
2023-09-25 08:48:35,703 [INFO] PluginManager:213 - loadIPPluginJar : add tracer_emb
2023-09-25 08:48:35,705 [INFO] IPUIPlugin:74 - create IPUIPlugin
2023-09-25 08:48:35,705 [INFO] PluginManager:213 - loadIPPluginJar : add ts
2023-09-25 08:48:35,706 [INFO] IPUIPlugin:74 - create IPUIPlugin
2023-09-25 08:48:35,706 [INFO] PluginManager:213 - loadIPPluginJar : add tsc
2023-09-25 08:48:35,707 [INFO] IPUIPlugin:74 - create IPUIPlugin
2023-09-25 08:48:35,707 [INFO] PluginManager:213 - loadIPPluginJar : add ucpd
2023-09-25 08:48:35,710 [INFO] IPUIPlugin:74 - create IPUIPlugin
2023-09-25 08:48:35,710 [INFO] PluginManager:213 - loadIPPluginJar : add usart
2023-09-25 08:48:35,712 [INFO] IPUIPlugin:74 - create IPUIPlugin
2023-09-25 08:48:35,712 [INFO] PluginManager:213 - loadIPPluginJar : add usbx
2023-09-25 08:48:35,981 [FATAL] Updater:294 - Updater called before beeing initialized
2023-09-25 08:48:36,076 [FATAL] Updater:294 - Updater called before beeing initialized
2023-09-25 08:48:36,079 [INFO] DbMcusAds:47 - JSON generation date=Tue Mar 07 15:50:55 ICT 2023 (1678179055114)
2023-09-25 08:48:36,080 [FATAL] Updater:294 - Updater called before beeing initialized
2023-09-25 08:48:36,156 [WARN] DetailPanel:314 - Failed to get advertising image, set to default
2023-09-25 08:48:36,258 [FATAL] Updater:294 - Updater called before beeing initialized
2023-09-25 08:48:36,261 [FATAL] Updater:294 - Updater called before beeing initialized
2023-09-25 08:48:36,261 [FATAL] Updater:294 - Updater called before beeing initialized
2023-09-25 08:48:36,261 [WARN] DetailPanel:314 - Failed to get advertising image, set to default
2023-09-25 08:48:36,263 [FATAL] Updater:294 - Updater called before beeing initialized
2023-09-25 08:48:36,308 [ERROR] Updater:1075 - MainUpdater not yet initialized. External WinMGr cannot be set.
2023-09-25 08:48:36,310 [INFO] Updater:1012 - Updater Version found : 6.3.0
2023-09-25 08:48:36,328 [INFO] ApplicationProperties:181 - Using Application install path: D:\Study\MCU\Software\real\STM32CubeIDE_1.7.0\STM32CubeIDE\plugins\com.st.stm32cube.common.mx_6.3.0.202107141111
2023-09-25 08:48:36,766 [INFO] MainUpdater:2671 - connection check result : 10
2023-09-25 08:48:36,767 [INFO] MainUpdater:265 - Updater Check For Update Now.
2023-09-25 08:48:36,767 [INFO] MicroXplorer:478 - Change Database Version : DB.6.0.30
2023-09-25 08:48:36,937 [INFO] CheckServerUpdateThread:112 - End of CheckServer Thread
2023-09-25 08:48:36,994 [INFO] MainUpdater:2671 - connection check result : 10
2023-09-25 08:48:37,004 [INFO] McuFinderGlobals:52 - Set McuFinderConnectedMode to true
2023-09-25 08:48:37,125 [INFO] ServerAccessManage:362 - Download File mcusAds.json._tmp_
2023-09-25 08:48:37,257 [INFO] LoadUrlFilesThread:145 - End of LoadUrlFiles Thread
2023-09-25 08:48:37,961 [INFO] ServerAccessManage:362 - Download File mcusDocs.json._tmp_
2023-09-25 08:48:38,207 [WARN] MainUpdater:1122 - Updater busy. Cannot search thirdparties
2023-09-25 08:48:38,207 [INFO] ThirdPartyUpdaterWithRetryManager:92 - Updater plugin is busy. [1/15]
2023-09-25 08:48:38,839 [INFO] LoadUrlFilesThread:145 - End of LoadUrlFiles Thread
2023-09-25 08:48:39,032 [INFO] ServerAccessManage:362 - Download File mcusFeaturesAndDescription.json._tmp_
2023-09-25 08:48:40,070 [INFO] LoadUrlFilesThread:145 - End of LoadUrlFiles Thread
2023-09-25 08:48:40,262 [INFO] ServerAccessManage:362 - Download File boardsDocs.json._tmp_
2023-09-25 08:48:40,387 [INFO] LoadUrlFilesThread:145 - End of LoadUrlFiles Thread
2023-09-25 08:48:40,567 [INFO] ServerAccessManage:362 - Download File boards.json._tmp_
2023-09-25 08:48:40,790 [INFO] LoadUrlFilesThread:145 - End of LoadUrlFiles Thread
2023-09-25 08:48:40,982 [INFO] ServerAccessManage:362 - Download File cube-finder-db.zip
2023-09-25 08:48:41,217 [WARN] MainUpdater:1122 - Updater busy. Cannot search thirdparties
2023-09-25 08:48:41,217 [INFO] ThirdPartyUpdaterWithRetryManager:92 - Updater plugin is busy. [2/15]
2023-09-25 08:48:43,683 [INFO] FileExtend:235 - Unzip File : cube-finder-db.zip
2023-09-25 08:48:43,683 [INFO] FileExtend:250 - Standard Zip Deflate
2023-09-25 08:48:44,231 [WARN] MainUpdater:1122 - Updater busy. Cannot search thirdparties
2023-09-25 08:48:44,231 [INFO] ThirdPartyUpdaterWithRetryManager:92 - Updater plugin is busy. [3/15]
2023-09-25 08:48:44,543 [INFO] LoadUrlFilesThread:145 - End of LoadUrlFiles Thread
2023-09-25 08:48:45,675 [INFO] ServerAccessManage:362 - Download File crdb.zip
2023-09-25 08:48:47,237 [WARN] MainUpdater:1122 - Updater busy. Cannot search thirdparties
2023-09-25 08:48:47,237 [INFO] ThirdPartyUpdaterWithRetryManager:92 - Updater plugin is busy. [4/15]
2023-09-25 08:48:47,252 [INFO] FileExtend:235 - Unzip File : crdb.zip
2023-09-25 08:48:47,253 [INFO] FileExtend:250 - Standard Zip Deflate
2023-09-25 08:48:47,389 [INFO] LoadUrlFilesThread:145 - End of LoadUrlFiles Thread
2023-09-25 08:48:47,565 [INFO] ServerAccessManage:362 - Download File tutoVideoDB.zip
2023-09-25 08:48:47,611 [INFO] FileExtend:235 - Unzip File : tutoVideoDB.zip
2023-09-25 08:48:47,611 [INFO] FileExtend:250 - Standard Zip Deflate
2023-09-25 08:48:47,735 [INFO] LoadUrlFilesThread:145 - End of LoadUrlFiles Thread
2023-09-25 08:48:47,736 [INFO] DbMcusAds:47 - JSON generation date=Tue Mar 07 15:50:55 ICT 2023 (1678179055114)
2023-09-25 08:48:47,752 [INFO] DbMcusDocs:143 - JSON generation date=Tue Nov 16 23:17:54 ICT 2021 (1637079474)
2023-09-25 08:48:47,753 [INFO] DbMcusXml:100 - Load MCU database from D:\Study\MCU\Software\real\STM32CubeIDE_1.7.0\STM32CubeIDE\plugins\com.st.stm32cube.common.mx_6.3.0.202107141111\\db\/mcu/families.xml
2023-09-25 08:48:48,593 [INFO] DbMcusJson:93 - JSON generation date=Tue Nov 16 23:17:54 ICT 2021 (1637079474)
2023-09-25 08:48:49,461 [INFO] DbMcus:175 - Found 1951 MCUs (1903 are supported by CubeMX, 1914 are visible in CubeMX)
2023-09-25 08:48:49,462 [INFO] ApiDb:251 - Load user favorites file C:\Users\Huy Minh/.stm32cubeide/favorites.mcus.txt: 0 item(s)
2023-09-25 08:48:49,463 [INFO] ApiDb:255 - User favorites MCUs=[]
2023-09-25 08:48:49,463 [INFO] DbMcus:187 - Set 0 / 0 favorites MCUs
2023-09-25 08:48:49,974 [INFO] DbMcusDocs:79 - Found 682 MCUs documents
2023-09-25 08:48:49,977 [INFO] ApiDb:276 - Save user favorites file C:\Users\Huy Minh/.stm32cubeide/favorites.mcus.txt: 0 item(s)
2023-09-25 08:48:49,977 [INFO] ApiDb:280 - User favorites MCUs=[]
2023-09-25 08:48:49,977 [INFO] DbMcusXml:100 - Load MCU database from D:\Study\MCU\Software\real\STM32CubeIDE_1.7.0\STM32CubeIDE\plugins\com.st.stm32cube.common.mx_6.3.0.202107141111\\db\/mcu/families.xml
2023-09-25 08:48:50,416 [ERROR] Engine:463 - C:\Users\Huy Minh\.stm32cubemx\thirdparties\pdsc\STMicroelectronics.X-CUBE-SMBUS.2.1.0.pdsc: PDSC version is not supported
2023-09-25 08:48:50,515 [WARN] PackLoader:238 - Cannot read IP mode file for STMicroelectronics.X-CUBE-AZRTOS-F7.1.1.0
2023-09-25 08:48:50,530 [ERROR] Engine:463 - C:\Users\Huy Minh\.stm32cubemx\thirdparties\pdsc\STMicroelectronics.FP-SNS-MOTENV1.4.3.2.pdsc: PDSC version is not supported
2023-09-25 08:48:50,533 [ERROR] Engine:463 - C:\Users\Huy Minh\.stm32cubemx\thirdparties\pdsc\STMicroelectronics.FP-SNS-FLIGHT1.5.0.2.pdsc: PDSC version is not supported
2023-09-25 08:48:50,538 [ERROR] Engine:463 - C:\Users\Huy Minh\.stm32cubemx\thirdparties\pdsc\STMicroelectronics.X-CUBE-DISPLAY.3.0.0.pdsc: PDSC version is not supported
2023-09-25 08:48:50,546 [WARN] PackLoader:238 - Cannot read IP mode file for STMicroelectronics.X-CUBE-BLE1.7.0.0
2023-09-25 08:48:50,549 [ERROR] Engine:463 - C:\Users\Huy Minh\.stm32cubemx\thirdparties\pdsc\emotas.I-CUBE-CANOPEN.1.3.0.pdsc: PDSC version is not supported
2023-09-25 08:48:50,554 [WARN] PackLoader:238 - Cannot read IP mode file for STMicroelectronics.X-CUBE-TOUCHGFX.4.22.0
2023-09-25 08:48:50,557 [ERROR] Engine:463 - C:\Users\Huy Minh\.stm32cubemx\thirdparties\pdsc\STMicroelectronics.FP-SNS-SMARTAG2.1.2.0.pdsc: PDSC version is not supported
2023-09-25 08:48:50,570 [INFO] LogOutputStream:76 - [STDOUT_REDIRECT] 1 : Invalid condition id : UX_CORESTACK_Condition cause : null
2023-09-25 08:48:50,572 [INFO] LogOutputStream:76 - [STDOUT_REDIRECT] 1 : Invalid condition id : UX_CORESTACK_Condition cause : null
2023-09-25 08:48:50,573 [INFO] LogOutputStream:76 - [STDOUT_REDIRECT] 1 : Invalid condition id : UX_CORESTACK_Condition cause : null
2023-09-25 08:48:50,574 [INFO] LogOutputStream:76 - [STDOUT_REDIRECT] 1 : Invalid condition id : UX_CORESTACK_Condition cause : null
2023-09-25 08:48:50,575 [INFO] LogOutputStream:76 - [STDOUT_REDIRECT] 1 : Invalid condition id : UX_CORESTACK_Condition cause : null
2023-09-25 08:48:50,579 [WARN] PackLoader:238 - Cannot read IP mode file for STMicroelectronics.X-CUBE-AZRTOS-WL.2.0.0
2023-09-25 08:48:50,590 [WARN] PackLoader:238 - Cannot read IP mode file for WES.I-CUBE-Cesium.1.3.0
2023-09-25 08:48:50,595 [WARN] PackLoader:238 - Cannot read IP mode file for STMicroelectronics.X-CUBE-BLE2.3.3.0
2023-09-25 08:48:50,636 [WARN] PackLoader:238 - Cannot read IP mode file for STMicroelectronics.X-CUBE-ALGOBUILD.1.3.0
2023-09-25 08:48:50,725 [WARN] PackLoader:238 - Cannot read IP mode file for STMicroelectronics.X-CUBE-AZRTOS-G0.1.1.0
2023-09-25 08:48:50,737 [WARN] PackLoader:238 - Cannot read IP mode file for STMicroelectronics.X-CUBE-NFC4.3.0.0
2023-09-25 08:48:50,787 [WARN] PackLoader:238 - Cannot read IP mode file for STMicroelectronics.FP-ATR-SIGFOX1.3.2.0
2023-09-25 08:48:50,879 [WARN] PackLoader:238 - Cannot read IP mode file for SEGGER.I-CUBE-embOS.1.3.1
2023-09-25 08:48:51,009 [INFO] DbMcusJson:93 - JSON generation date=Tue Nov 16 23:17:54 ICT 2021 (1637079474)
2023-09-25 08:48:51,027 [WARN] PackLoader:238 - Cannot read IP mode file for STMicroelectronics.X-CUBE-GNSS1.6.0.0
2023-09-25 08:48:51,063 [WARN] PackLoader:238 - Cannot read IP mode file for STMicroelectronics.X-CUBE-AZRTOS-F4.1.1.0
2023-09-25 08:48:51,071 [WARN] PackLoader:238 - Cannot read IP mode file for wolfSSL.I-CUBE-wolfSSL.5.6.3
2023-09-25 08:48:51,105 [WARN] PackLoader:238 - Cannot read IP mode file for STMicroelectronics.X-CUBE-AZRTOS-L5.2.0.0
2023-09-25 08:48:51,209 [WARN] PackLoader:238 - Cannot read IP mode file for STMicroelectronics.X-CUBE-MEMS1.9.6.0
2023-09-25 08:48:51,576 [WARN] PackLoader:238 - Cannot read IP mode file for STMicroelectronics.X-CUBE-BLEMGR.2.0.0
2023-09-25 08:48:51,618 [WARN] ConditionMgr:437 - getConditionDescription Invalid condition id : UX DEVICE CLASS RTOS Condition cause : null
2023-09-25 08:48:51,618 [WARN] ConditionMgr:437 - getConditionDescription Invalid condition id : UX DEVICE CLASS RTOS Condition cause : null
2023-09-25 08:48:51,623 [WARN] PackLoader:238 - Cannot read IP mode file for STMicroelectronics.X-CUBE-AZRTOS-H7.3.1.0
2023-09-25 08:48:51,624 [WARN] ConditionMgr:1038 - genDependencies : Invalid condition id : UX DEVICE CLASS RTOS Condition cause : null
2023-09-25 08:48:51,624 [WARN] ConditionMgr:1038 - genDependencies : Invalid condition id : UX DEVICE CLASS RTOS Condition cause : null
2023-09-25 08:48:51,642 [WARN] ConditionMgr:1038 - genDependencies : Invalid condition id : UX DEVICE CLASS RTOS Condition cause : null
2023-09-25 08:48:51,643 [WARN] ConditionMgr:1038 - genDependencies : Invalid condition id : UX DEVICE CLASS RTOS Condition cause : null
2023-09-25 08:48:51,643 [WARN] ConditionMgr:1038 - genDependencies : Invalid condition id : UX DEVICE CLASS RTOS Condition cause : null
2023-09-25 08:48:51,650 [WARN] PackLoader:238 - Cannot read IP mode file for STMicroelectronics.X-CUBE-NFC7.1.0.1
2023-09-25 08:48:51,658 [WARN] PackLoader:238 - Cannot read IP mode file for STMicroelectronics.X-CUBE-NFC6.3.0.0
2023-09-25 08:48:51,664 [WARN] PackLoader:238 - Cannot read IP mode file for STMicroelectronics.X-CUBE-EEPRMA1.4.1.0
2023-09-25 08:48:51,669 [WARN] PackLoader:238 - Cannot read IP mode file for STMicroelectronics.X-CUBE-AI.8.1.0
2023-09-25 08:48:51,691 [WARN] ConditionMgr:437 - getConditionDescription Invalid condition id : LAN8742 Phy interface Condition cause : null
2023-09-25 08:48:51,691 [WARN] PackLoader:238 - Cannot read IP mode file for STMicroelectronics.X-CUBE-AZRTOS-L4.2.0.0
2023-09-25 08:48:51,693 [WARN] ConditionMgr:1038 - genDependencies : Invalid condition id : LAN8742 Phy interface Condition cause : null
2023-09-25 08:48:51,693 [WARN] ConditionMgr:1038 - genDependencies : Invalid condition id : LAN8742 Phy interface Condition cause : null
2023-09-25 08:48:51,694 [WARN] ConditionMgr:1038 - genDependencies : Invalid condition id : LAN8742 Phy interface Condition cause : null
2023-09-25 08:48:51,700 [WARN] PackLoader:238 - Cannot read IP mode file for STMicroelectronics.X-CUBE-SFXS2LP1.4.0.0
2023-09-25 08:48:51,705 [WARN] PackLoader:238 - Cannot read IP mode file for STMicroelectronics.X-CUBE-ISPU.1.1.0
2023-09-25 08:48:51,728 [WARN] ConditionMgr:437 - getConditionDescription Invalid condition id : UX DEVICE CLASS RTOS Condition cause : null
2023-09-25 08:48:51,728 [WARN] ConditionMgr:437 - getConditionDescription Invalid condition id : UX DEVICE CLASS RTOS Condition cause : null
2023-09-25 08:48:51,731 [WARN] PackLoader:238 - Cannot read IP mode file for STMicroelectronics.X-CUBE-AZRTOS-WB.2.0.0
2023-09-25 08:48:51,732 [WARN] ConditionMgr:1038 - genDependencies : Invalid condition id : UX DEVICE CLASS RTOS Condition cause : null
2023-09-25 08:48:51,732 [WARN] ConditionMgr:1038 - genDependencies : Invalid condition id : UX DEVICE CLASS RTOS Condition cause : null
2023-09-25 08:48:51,733 [WARN] ConditionMgr:1038 - genDependencies : Invalid condition id : UX DEVICE CLASS RTOS Condition cause : null
2023-09-25 08:48:51,733 [WARN] ConditionMgr:1038 - genDependencies : Invalid condition id : UX DEVICE CLASS RTOS Condition cause : null
2023-09-25 08:48:51,733 [WARN] ConditionMgr:1038 - genDependencies : Invalid condition id : UX DEVICE CLASS RTOS Condition cause : null
2023-09-25 08:48:51,756 [WARN] PackLoader:238 - Cannot read IP mode file for STMicroelectronics.X-CUBE-SUBG2.5.0.0
2023-09-25 08:48:51,781 [ERROR] Engine:463 - C:\Users\Huy Minh\.stm32cubemx\thirdparties\pdsc\STMicroelectronics.X-CUBE-TOF1.3.3.1.pdsc: PDSC version is not supported
2023-09-25 08:48:51,813 [WARN] PackLoader:238 - Cannot read IP mode file for STMicroelectronics.X-CUBE-AZRTOS-G4.2.0.0
2023-09-25 08:48:51,820 [ERROR] Engine:463 - C:\Users\Huy Minh\.stm32cubemx\thirdparties\pdsc\STMicroelectronics.X-CUBE-FREERTOS.1.1.0.pdsc: PDSC version is not supported
2023-09-25 08:48:51,827 [WARN] PackLoader:238 - Cannot read IP mode file for portGmbH.I-Cube-SoM-uGOAL.1.1.0
2023-09-25 08:48:51,832 [WARN] PackLoader:238 - Cannot read IP mode file for STMicroelectronics.X-CUBE-ALS.1.0.1
2023-09-25 08:48:51,837 [WARN] PackLoader:238 - Cannot read IP mode file for STMicroelectronics.FP-ATR-ASTRA1.2.0.0
2023-09-25 08:48:51,837 [INFO] ThirdParty:915 - Integrity check success = true
2023-09-25 08:48:51,837 [INFO] IntegrityCheckThread:94 - exiting critical section [integrity check]
2023-09-25 08:48:51,838 [INFO] IntegrityCheckThread:97 - End integrity checks thread
2023-09-25 08:48:51,906 [INFO] DbMcus:175 - Found 1951 MCUs (1903 are supported by CubeMX, 1914 are visible in CubeMX)
2023-09-25 08:48:51,906 [INFO] ApiDb:251 - Load user favorites file C:\Users\Huy Minh/.stm32cubeide/favorites.mcus.txt: 0 item(s)
2023-09-25 08:48:51,907 [INFO] ApiDb:255 - User favorites MCUs=[]
2023-09-25 08:48:51,907 [INFO] DbMcus:187 - Set 0 / 0 favorites MCUs
2023-09-25 08:48:51,923 [INFO] DbBoardsDocs:143 - JSON generation date=Tue Nov 16 23:17:54 ICT 2021 (1637079474)
2023-09-25 08:48:51,951 [INFO] DbBoardsPdsc:90 - Found 25 items
2023-09-25 08:48:51,964 [INFO] DbBoardsPdsc:90 - Found 9 items
2023-09-25 08:48:51,980 [INFO] DbBoardsPdsc:90 - Found 33 items
2023-09-25 08:48:51,995 [INFO] DbBoardsPdsc:90 - Found 1 items
2023-09-25 08:48:52,015 [INFO] DbBoardsPdsc:90 - Found 48 items
2023-09-25 08:48:52,030 [INFO] DbBoardsPdsc:90 - Found 43 items
2023-09-25 08:48:52,040 [INFO] DbBoardsPdsc:90 - Found 2 items
2023-09-25 08:48:52,049 [INFO] DbBoardsPdsc:90 - Found 5 items
2023-09-25 08:48:52,054 [WARN] DbBoardsPdsc:254 - Board STM32H7B3I-DK: unknown feature type=Audio, name=, username=Audio stereo codec with Headphone Amp (CS42L51-CNZ), n=1
2023-09-25 08:48:52,054 [WARN] DbBoardsPdsc:254 - Board STM32H735G-DK: unknown feature type=Audio, name=, username=Audio stereo codec with Headphone Amp (WM8994ECS/R), n=1
2023-09-25 08:48:52,055 [WARN] DbBoardsPdsc:254 - Board STM32H7B3I-EVAL: unknown feature type=Audio, name=, username=Multi-Channel Audio Codec (CS42L51-CNZ), n=1
2023-09-25 08:48:52,055 [WARN] DbBoardsPdsc:254 - Board STM32H7B3I-EVAL: unknown feature type=Meter, name=, username=Power-metering and Temperature-monitoring with sigma-delta modulators, n=1
2023-09-25 08:48:52,055 [WARN] DbBoardsPdsc:254 - Board STM32H7B3I-EVAL: unknown feature type=Motor, name=, username=Motor Control, n=1
2023-09-25 08:48:52,056 [WARN] DbBoardsPdsc:254 - Board STM32U575I-EV: unknown feature type=joystick, name=, username=4-direction joystick with selection button, n=1
2023-09-25 08:48:52,072 [INFO] DbBoardsJson:86 - JSON generation date=Tue Nov 16 23:17:54 ICT 2021 (1637079474)
2023-09-25 08:48:52,078 [INFO] DbBoards:117 - Found 167 boards (163 are supported by CubeMX)
2023-09-25 08:48:52,079 [INFO] DbBoardsDocs:143 - JSON generation date=Tue Nov 16 23:17:54 ICT 2021 (1637079474)
2023-09-25 08:48:52,082 [INFO] DbBoardsDocs:79 - Found 209 boards documents
2023-09-25 08:48:52,083 [WARN] DbBoards:127 - board B-L475E-IOT01A2 has no document id list !
2023-09-25 08:48:52,084 [WARN] DbBoards:127 - board NUCLEO-H743ZI has no document id list !
2023-09-25 08:48:52,085 [WARN] DbBoards:127 - board NUCLEO-WL55JC2 has no document id list !
2023-09-25 08:48:52,085 [WARN] DbBoards:127 - board P-NUCLEO-WB55-Nucleo has no document id list !
2023-09-25 08:48:52,085 [WARN] DbBoards:127 - board P-NUCLEO-WB55-USBDongle has no document id list !
2023-09-25 08:48:52,085 [WARN] DbBoards:127 - board STEVAL-BFA001V1B has no document id list !
2023-09-25 08:48:52,085 [WARN] DbBoards:127 - board STEVAL-BFA001V2B has no document id list !
2023-09-25 08:48:52,085 [WARN] DbBoards:127 - board STEVAL-IDP005V1 has no document id list !
2023-09-25 08:48:52,085 [WARN] DbBoards:127 - board STEVAL-IDP005V2 has no document id list !
2023-09-25 08:48:52,086 [WARN] DbBoards:127 - board STEVAL-MKSBOX1V1 has no document id list !
2023-09-25 08:48:52,086 [WARN] DbBoards:127 - board STEVAL-STWINKT1 has no document id list !
2023-09-25 08:48:52,086 [WARN] DbBoards:127 - board STEVAL-STWINKT1B has no document id list !
2023-09-25 08:48:52,086 [WARN] DbBoards:127 - board STM32439I-EVAL2 has no document id list !
2023-09-25 08:48:52,086 [WARN] DbBoards:127 - board STM32F401C-DISCO has no document id list !
2023-09-25 08:48:52,087 [WARN] DbBoards:127 - board STM32F769I-DISC1 has no document id list !
2023-09-25 08:48:52,087 [WARN] DbBoards:127 - board STM32G474E-EVAL1 has no document id list !
2023-09-25 08:48:52,087 [WARN] DbBoards:127 - board STM32H743I-EVAL2 has no document id list !
2023-09-25 08:48:52,087 [WARN] DbBoards:127 - board STM32H747I-DISC1 has no document id list !
2023-09-25 08:48:52,088 [WARN] DbBoards:127 - board STM32H753I-EVAL2 has no document id list !
2023-09-25 08:48:52,088 [WARN] DbBoards:127 - board STM32L-DISCOVERY has no document id list !
2023-09-25 08:48:52,238 [ERROR] DbBoards:189 - Image file not found for board B-U585I-IOT02A: D:\Study\MCU\Software\real\STM32CubeIDE_1.7.0\STM32CubeIDE\plugins\com.st.stm32cube.common.mx_6.3.0.202107141111\\db\/plugins/mcufinder/images/boards/B-U585I-IOT02A_small.jpg
2023-09-25 08:48:52,383 [ERROR] DbBoards:189 - Image file not found for board NUCLEO-F413ZH: D:\Study\MCU\Software\real\STM32CubeIDE_1.7.0\STM32CubeIDE\plugins\com.st.stm32cube.common.mx_6.3.0.202107141111\\db\/plugins/mcufinder/images/boards/nucleo-f413zh_small.jpg
2023-09-25 08:48:52,558 [ERROR] DbBoards:189 - Image file not found for board NUCLEO-L552ZE-Q: D:\Study\MCU\Software\real\STM32CubeIDE_1.7.0\STM32CubeIDE\plugins\com.st.stm32cube.common.mx_6.3.0.202107141111\\db\/plugins/mcufinder/images/boards/nucleo_l552ze_q_small.jpg
2023-09-25 08:48:52,558 [ERROR] DbBoards:189 - Image file not found for board NUCLEO-U575ZI-Q: D:\Study\MCU\Software\real\STM32CubeIDE_1.7.0\STM32CubeIDE\plugins\com.st.stm32cube.common.mx_6.3.0.202107141111\\db\/plugins/mcufinder/images/boards/nucleo-u575zi-q_small.jpg
2023-09-25 08:48:52,558 [ERROR] DbBoards:189 - Image file not found for board NUCLEO-WB15CC: D:\Study\MCU\Software\real\STM32CubeIDE_1.7.0\STM32CubeIDE\plugins\com.st.stm32cube.common.mx_6.3.0.202107141111\\db\/plugins/mcufinder/images/boards/nucleo-wb15cc_small.jpg
2023-09-25 08:48:52,558 [ERROR] DbBoards:189 - Image file not found for board NUCLEO-WB55RG: D:\Study\MCU\Software\real\STM32CubeIDE_1.7.0\STM32CubeIDE\plugins\com.st.stm32cube.common.mx_6.3.0.202107141111\\db\/plugins/mcufinder/images/boards/nucleo-wb55rg_small.jpg
2023-09-25 08:48:54,316 [INFO] ApiDb:251 - Load user favorites file C:\Users\Huy Minh/.stm32cubeide/favorites.boards.txt: 0 item(s)
2023-09-25 08:48:54,316 [INFO] ApiDb:255 - User favorites Boards=[]
2023-09-25 08:48:54,316 [INFO] DbBoards:206 - Set 0 / 0 favorites Boards
2023-09-25 08:48:54,321 [INFO] DbBoardsDocs:79 - Found 418 boards documents
2023-09-25 08:48:54,322 [INFO] ApiDb:276 - Save user favorites file C:\Users\Huy Minh/.stm32cubeide/favorites.boards.txt: 0 item(s)
2023-09-25 08:48:54,322 [INFO] ApiDb:280 - User favorites Boards=[]
2023-09-25 08:48:54,327 [INFO] DbBoardsPdsc:90 - Found 25 items
2023-09-25 08:48:54,329 [INFO] DbBoardsPdsc:90 - Found 9 items
2023-09-25 08:48:54,333 [INFO] DbBoardsPdsc:90 - Found 33 items
2023-09-25 08:48:54,335 [INFO] DbBoardsPdsc:90 - Found 1 items
2023-09-25 08:48:54,341 [INFO] DbBoardsPdsc:90 - Found 48 items
2023-09-25 08:48:54,347 [INFO] DbBoardsPdsc:90 - Found 43 items
2023-09-25 08:48:54,348 [INFO] DbBoardsPdsc:90 - Found 2 items
2023-09-25 08:48:54,349 [INFO] DbBoardsPdsc:90 - Found 5 items
2023-09-25 08:48:54,353 [WARN] DbBoardsPdsc:254 - Board STM32H7B3I-DK: unknown feature type=Audio, name=, username=Audio stereo codec with Headphone Amp (CS42L51-CNZ), n=1
2023-09-25 08:48:54,353 [WARN] DbBoardsPdsc:254 - Board STM32H735G-DK: unknown feature type=Audio, name=, username=Audio stereo codec with Headphone Amp (WM8994ECS/R), n=1
2023-09-25 08:48:54,355 [WARN] DbBoardsPdsc:254 - Board STM32H7B3I-EVAL: unknown feature type=Audio, name=, username=Multi-Channel Audio Codec (CS42L51-CNZ), n=1
2023-09-25 08:48:54,355 [WARN] DbBoardsPdsc:254 - Board STM32H7B3I-EVAL: unknown feature type=Meter, name=, username=Power-metering and Temperature-monitoring with sigma-delta modulators, n=1
2023-09-25 08:48:54,355 [WARN] DbBoardsPdsc:254 - Board STM32H7B3I-EVAL: unknown feature type=Motor, name=, username=Motor Control, n=1
2023-09-25 08:48:54,356 [WARN] DbBoardsPdsc:254 - Board STM32U575I-EV: unknown feature type=joystick, name=, username=4-direction joystick with selection button, n=1
2023-09-25 08:48:54,378 [INFO] DbBoardsJson:86 - JSON generation date=Tue Nov 16 23:17:54 ICT 2021 (1637079474)
2023-09-25 08:48:54,384 [INFO] DbBoards:117 - Found 167 boards (163 are supported by CubeMX)
2023-09-25 08:48:54,385 [WARN] DbBoards:127 - board B-L475E-IOT01A2 has no document id list !
2023-09-25 08:48:54,387 [WARN] DbBoards:127 - board NUCLEO-H743ZI has no document id list !
2023-09-25 08:48:54,387 [WARN] DbBoards:127 - board NUCLEO-WL55JC2 has no document id list !
2023-09-25 08:48:54,387 [WARN] DbBoards:127 - board P-NUCLEO-WB55-Nucleo has no document id list !
2023-09-25 08:48:54,387 [WARN] DbBoards:127 - board P-NUCLEO-WB55-USBDongle has no document id list !
2023-09-25 08:48:54,387 [WARN] DbBoards:127 - board STEVAL-BFA001V1B has no document id list !
2023-09-25 08:48:54,388 [WARN] DbBoards:127 - board STEVAL-BFA001V2B has no document id list !
2023-09-25 08:48:54,388 [WARN] DbBoards:127 - board STEVAL-IDP005V1 has no document id list !
2023-09-25 08:48:54,388 [WARN] DbBoards:127 - board STEVAL-IDP005V2 has no document id list !
2023-09-25 08:48:54,388 [WARN] DbBoards:127 - board STEVAL-MKSBOX1V1 has no document id list !
2023-09-25 08:48:54,388 [WARN] DbBoards:127 - board STEVAL-STWINKT1 has no document id list !
2023-09-25 08:48:54,388 [WARN] DbBoards:127 - board STEVAL-STWINKT1B has no document id list !
2023-09-25 08:48:54,388 [WARN] DbBoards:127 - board STM32439I-EVAL2 has no document id list !
2023-09-25 08:48:54,388 [WARN] DbBoards:127 - board STM32F401C-DISCO has no document id list !
2023-09-25 08:48:54,388 [WARN] DbBoards:127 - board STM32F769I-DISC1 has no document id list !
2023-09-25 08:48:54,388 [WARN] DbBoards:127 - board STM32G474E-EVAL1 has no document id list !
2023-09-25 08:48:54,388 [WARN] DbBoards:127 - board STM32H743I-EVAL2 has no document id list !
2023-09-25 08:48:54,388 [WARN] DbBoards:127 - board STM32H747I-DISC1 has no document id list !
2023-09-25 08:48:54,388 [WARN] DbBoards:127 - board STM32H753I-EVAL2 has no document id list !
2023-09-25 08:48:54,389 [WARN] DbBoards:127 - board STM32L-DISCOVERY has no document id list !
2023-09-25 08:48:54,489 [ERROR] DbBoards:189 - Image file not found for board B-U585I-IOT02A: D:\Study\MCU\Software\real\STM32CubeIDE_1.7.0\STM32CubeIDE\plugins\com.st.stm32cube.common.mx_6.3.0.202107141111\\db\/plugins/mcufinder/images/boards/B-U585I-IOT02A_small.jpg
2023-09-25 08:48:54,582 [ERROR] DbBoards:189 - Image file not found for board NUCLEO-F413ZH: D:\Study\MCU\Software\real\STM32CubeIDE_1.7.0\STM32CubeIDE\plugins\com.st.stm32cube.common.mx_6.3.0.202107141111\\db\/plugins/mcufinder/images/boards/nucleo-f413zh_small.jpg
2023-09-25 08:48:54,779 [ERROR] DbBoards:189 - Image file not found for board NUCLEO-L552ZE-Q: D:\Study\MCU\Software\real\STM32CubeIDE_1.7.0\STM32CubeIDE\plugins\com.st.stm32cube.common.mx_6.3.0.202107141111\\db\/plugins/mcufinder/images/boards/nucleo_l552ze_q_small.jpg
2023-09-25 08:48:54,779 [ERROR] DbBoards:189 - Image file not found for board NUCLEO-U575ZI-Q: D:\Study\MCU\Software\real\STM32CubeIDE_1.7.0\STM32CubeIDE\plugins\com.st.stm32cube.common.mx_6.3.0.202107141111\\db\/plugins/mcufinder/images/boards/nucleo-u575zi-q_small.jpg
2023-09-25 08:48:54,779 [ERROR] DbBoards:189 - Image file not found for board NUCLEO-WB15CC: D:\Study\MCU\Software\real\STM32CubeIDE_1.7.0\STM32CubeIDE\plugins\com.st.stm32cube.common.mx_6.3.0.202107141111\\db\/plugins/mcufinder/images/boards/nucleo-wb15cc_small.jpg
2023-09-25 08:48:54,779 [ERROR] DbBoards:189 - Image file not found for board NUCLEO-WB55RG: D:\Study\MCU\Software\real\STM32CubeIDE_1.7.0\STM32CubeIDE\plugins\com.st.stm32cube.common.mx_6.3.0.202107141111\\db\/plugins/mcufinder/images/boards/nucleo-wb55rg_small.jpg
2023-09-25 08:48:55,643 [INFO] ApiDb:251 - Load user favorites file C:\Users\Huy Minh/.stm32cubeide/favorites.boards.txt: 0 item(s)
2023-09-25 08:48:55,644 [INFO] ApiDb:255 - User favorites Boards=[]
2023-09-25 08:48:55,644 [INFO] DbBoards:206 - Set 0 / 0 favorites Boards
2023-09-25 08:48:55,653 [INFO] LoadUrlFilesThread:172 - End of LoadServerUrlFiles without Thread
2023-09-25 08:48:55,653 [INFO] TargetSelectorAdapter:224 - Refresh data is successful
2023-09-25 08:48:55,762 [INFO] ApiDb:479 - Connected to CubeFinder SQLite database (C:\Users\Huy Minh\.stmcufinder\plugins\mcufinder\mcu\cube-finder-db.db)
2023-09-25 08:48:56,718 [INFO] DbExamplesSqlite:411 - Ignored 27 examples not supported by CubeIDE
2023-09-25 08:48:56,719 [INFO] DbExamplesSqlite:412 - Found 7231 examples active
2023-09-25 08:48:56,719 [INFO] DbExamplesSqlite:413 - Found 677 examples obsolete
2023-09-25 08:48:56,719 [INFO] DbExamplesSqlite:414 - Found 0 examples under development
2023-09-25 08:48:56,719 [INFO] DbExamplesSqlite:415 - Found 74 examples not building
2023-09-25 08:48:56,774 [INFO] DbExamplesSqlite:108 - CubeFinder database Data Model version=2.1
2023-09-25 08:48:56,774 [INFO] DbExamplesSqlite:109 - CubeFinder database Configuration version=3.0.37
2023-09-25 08:48:56,775 [INFO] DbExamplesSqlite:110 - CubeFinder database generation date=2023-08-09 (1691586011)
2023-09-25 08:48:56,775 [INFO] DbExamplesSqlite:111 - CubeFinder database FW Pack versions=[FP-ATR-ASTRA1_V2.0.0, FP-SNS-FLIGHT1_V5.0.1, FP-SNS-FLIGHT1_V5.0.2, FP-SNS-MOTENV1_V4.3.1, FP-SNS-MOTENV1_V4.3.2, STM32Cube_FW_C0_V1.1.0, STM32Cube_FW_F4_V1.27.1, STM32Cube_FW_F7_V1.17.0, STM32Cube_FW_G0_V1.6.1, STM32Cube_FW_G4_V1.5.1, STM32Cube_FW_H5_V0.5.1, STM32Cube_FW_H5_V1.1.0, STM32Cube_FW_H7_V1.11.0, STM32Cube_FW_L0_V1.12.2, STM32Cube_FW_L5_V1.5.0, STM32Cube_FW_U5_V1.3.0, STM32Cube_FW_U5_V1.3.0RC4, STM32Cube_FW_WBA_V1.0.0RC1, STM32Cube_FW_WBA_V1.1.0, STM32Cube_FW_WBA_V1.1.0RC1, STM32Cube_FW_WB_V1.15.0RC1, STM32Cube_FW_WB_V1.16.0, STM32Cube_FW_WB_V1.16.0RC2, STM32Cube_FW_WB_V1.17.0, STM32Cube_FW_WL_V1.3.0, X-CUBE-ALGOBUILD_V1.3.0, X-CUBE-ALS_V1.0.1, X-CUBE-AZRTOS-F4_V1.1.0, X-CUBE-AZRTOS-F7_V1.1.0, X-CUBE-AZRTOS-G0_V1.1.0, X-CUBE-AZRTOS-G4_V2.0.0, X-CUBE-AZRTOS-H7_V3.1.0, X-CUBE-AZRTOS-L4_V1.0.0, X-CUBE-AZRTOS-L4_V2.0.0, X-CUBE-AZRTOS-L5_V1.1.0, X-CUBE-AZRTOS-WB_V1.1.0, X-CUBE-AZRTOS-WL_V2.0.0, X-CUBE-BLE1_V7.0.0, X-CUBE-BLE2_V3.3.0, X-CUBE-BLEMGR_V2.0.0, X-CUBE-EEPRMA1_V4.1.0, X-CUBE-FREERTOS_V1.1.0, X-CUBE-GNSS1_V6.0.0, X-CUBE-MEMS1_V9.1.0, X-CUBE-MEMS1_V9.4.0, X-CUBE-MEMS1_V9.6.0, X-CUBE-NFC4_V3.0.0, X-CUBE-NFC7_V1.0.0, X-CUBE-SFXS2LP1_V4.0.0, X-CUBE-SUBG2_V5.0.0, X-CUBE-TOF1_V3.3.1]
2023-09-25 08:48:56,777 [INFO] DbExamples:130 - Found 7278 examples
2023-09-25 08:48:57,920 [ERROR] DbExamples:206 - Found 7278 examples with invalid data (board or MCU)
2023-09-25 08:48:57,921 [INFO] DbExamples:222 - Found 79 boards with related examples
2023-09-25 08:48:57,922 [INFO] DbExamples:235 - Found 0 MCUs with related examples
2023-09-25 08:48:57,950 [INFO] ApiDb:242 - User favorites file not found: C:\Users\Huy Minh/.stm32cubeide/favorites.examples.txt
2023-09-25 08:48:57,950 [INFO] DbExamples:256 - Set 0 / 0 favorites Examples
2023-09-25 08:49:03,831 [INFO] McuFinderGlobals:52 - Set McuFinderConnectedMode to false
2023-09-25 08:49:03,837 [INFO] MainUpdater:2671 - connection check result : 10
2023-09-25 08:49:03,947 [INFO] CrossSelectorPresenter:1330 - Cross Selector saved comparison directory: C:\Users\Huy Minh\.stmcufinder\plugins\mcufinder\mcu\cs_comparisons_mx
2023-09-25 08:49:03,952 [INFO] MultiScanPanel:197 - Auto-refresh data requested => check proxy status ongoing
2023-09-25 08:49:03,953 [INFO] MultiScanPanel:201 - Proxy status is invalid
2023-09-25 08:49:03,955 [INFO] FinderPluginLoader:87 - Searching for filters in installed packs
2023-09-25 08:49:04,517 [INFO] DetailPanel:309 - Set advertising image to C:/Users/Huy Minh/STM32Cube/Repository/\en.prom-stm32h5-mcu-finder.jpg
2023-09-25 08:49:05,413 [INFO] McuFinderGlobals:52 - Set McuFinderConnectedMode to false
2023-09-25 08:49:05,435 [INFO] CrossSelectorPresenter:1330 - Cross Selector saved comparison directory: C:\Users\Huy Minh\.stmcufinder\plugins\mcufinder\mcu\cs_comparisons_mx
2023-09-25 08:49:05,437 [INFO] MultiScanPanel:197 - Auto-refresh data requested => check proxy status ongoing
2023-09-25 08:49:05,437 [INFO] MultiScanPanel:201 - Proxy status is invalid
2023-09-25 08:49:05,438 [INFO] FinderPluginLoader:87 - Searching for filters in installed packs
2023-09-25 08:49:05,890 [INFO] DetailPanel:309 - Set advertising image to C:/Users/Huy Minh/STM32Cube/Repository/\en.prom-stm32h5-mcu-finder.jpg
2023-09-25 08:54:54,647 [INFO] MainUpdater:2671 - connection check result : 10
2023-09-25 08:54:54,647 [INFO] MainUpdater:2671 - connection check result : 10
2023-09-25 08:54:54,684 [INFO] MicroXplorer:448 - Change Database Path : 
2023-09-25 08:54:54,684 [INFO] MicroXplorer:478 - Change Database Version : DB.6.0.30
2023-09-25 08:54:54,684 [WARN] ThirdParty:813 - waiting for thirdparty lock release [close project]
2023-09-25 08:54:54,684 [INFO] ThirdParty:815 - entering critical section [close project]
2023-09-25 08:54:54,685 [INFO] ThirdParty:825 - exiting critical section [close project]
2023-09-25 08:54:54,688 [INFO] PinOutPanel:1463 - setPackage(No Configuration,No Configuration)
2023-09-25 08:54:54,690 [INFO] UtilMem:74 - Begin LoadConfig() Used Memory: 716449400 Bytes (854589440)
2023-09-25 08:54:54,691 [INFO] MicroXplorer:448 - Change Database Path : 
2023-09-25 08:54:54,692 [INFO] MicroXplorer:478 - Change Database Version : DB.6.0.30
2023-09-25 08:54:54,692 [INFO] OpenFileManager:313 - Change cursor
2023-09-25 08:54:55,460 [INFO] Context:592 - Trying to add GPIOservice into a context  which must be forbidden
2023-09-25 08:54:55,696 [INFO] ImportTextPane:167 - (OptionalMessage_ERROR) Unable to find key (Mcu.ThirdPartyNb) in loaded IOC file
2023-09-25 08:54:55,696 [INFO] ImportTextPane:167 - (OptionalMessage_ERROR) Unable to find key (Mcu.PinsNb) in loaded IOC file
2023-09-25 08:54:55,696 [INFO] ImportTextPane:167 - (OptionalMessage_ERROR) Unable to find key (Mcu.IPNb) in loaded IOC file
2023-09-25 08:54:55,752 [WARN] ApiManager:304 - Cannot register API 'Board Extension:GNSS1A1' from pack STMicroelectronics.X-CUBE-GNSS1.6.0.0: no header file found
2023-09-25 08:54:55,752 [WARN] ApiManager:304 - Cannot register API 'Board Support:Custom' from pack STMicroelectronics.X-CUBE-GNSS1.6.0.0: no header file found
2023-09-25 08:54:55,753 [WARN] ApiManager:304 - Cannot register API 'Data Exchange:lib_gnss' from pack STMicroelectronics.X-CUBE-GNSS1.6.0.0: no header file found
2023-09-25 08:54:55,760 [WARN] ApiManager:304 - Cannot register API 'Wireless:BlueNRG-MS' from pack STMicroelectronics.X-CUBE-BLE1.7.0.0: no header file found
2023-09-25 08:54:55,765 [WARN] ModelIntegratedComponent:60 - No mode defined for component null
2023-09-25 08:54:55,766 [WARN] ModelIntegratedComponent:60 - No mode defined for component null
2023-09-25 08:54:55,766 [WARN] ModelIntegratedComponent:60 - No mode defined for component null
2023-09-25 08:54:55,766 [WARN] ModelIntegratedComponent:60 - No mode defined for component null
2023-09-25 08:54:55,766 [WARN] ModelIntegratedComponent:60 - No mode defined for component null
2023-09-25 08:54:55,766 [WARN] ModelIntegratedComponent:60 - No mode defined for component null
2023-09-25 08:54:55,766 [WARN] ModelIntegratedComponent:60 - No mode defined for component null
2023-09-25 08:54:55,766 [WARN] ModelIntegratedComponent:60 - No mode defined for component null
2023-09-25 08:54:55,766 [WARN] ModelIntegratedComponent:60 - No mode defined for component null
2023-09-25 08:54:55,766 [WARN] ModelIntegratedComponent:60 - No mode defined for component null
2023-09-25 08:54:55,766 [WARN] ModelIntegratedComponent:60 - No mode defined for component null
2023-09-25 08:54:55,767 [WARN] ModelIntegratedComponent:60 - No mode defined for component null
2023-09-25 08:54:55,767 [WARN] ModelIntegratedComponent:60 - No mode defined for component null
2023-09-25 08:54:55,767 [WARN] ModelIntegratedComponent:60 - No mode defined for component null
2023-09-25 08:54:55,767 [WARN] ModelIntegratedComponent:60 - No mode defined for component null
2023-09-25 08:54:55,767 [WARN] ModelIntegratedComponent:60 - No mode defined for component null
2023-09-25 08:54:55,767 [WARN] ModelIntegratedComponent:60 - No mode defined for component null
2023-09-25 08:54:55,767 [WARN] ModelIntegratedComponent:60 - No mode defined for component null
2023-09-25 08:54:55,767 [WARN] ModelIntegratedComponent:60 - No mode defined for component null
2023-09-25 08:54:55,767 [WARN] ModelIntegratedComponent:60 - No mode defined for component null
2023-09-25 08:54:55,767 [WARN] ModelIntegratedComponent:60 - No mode defined for component null
2023-09-25 08:54:55,767 [WARN] ModelIntegratedComponent:60 - No mode defined for component null
2023-09-25 08:54:55,768 [WARN] ModelIntegratedComponent:60 - No mode defined for component null
2023-09-25 08:54:55,768 [WARN] ModelIntegratedComponent:60 - No mode defined for component null
2023-09-25 08:54:55,768 [WARN] ModelIntegratedComponent:60 - No mode defined for component null
2023-09-25 08:54:55,768 [WARN] ModelIntegratedComponent:60 - No mode defined for component null
2023-09-25 08:54:55,768 [WARN] ModelIntegratedComponent:60 - No mode defined for component null
2023-09-25 08:54:55,768 [WARN] ModelIntegratedComponent:60 - No mode defined for component null
2023-09-25 08:54:55,768 [WARN] ModelIntegratedComponent:60 - No mode defined for component null
2023-09-25 08:54:55,768 [WARN] ModelIntegratedComponent:60 - No mode defined for component null
2023-09-25 08:54:55,768 [WARN] ModelIntegratedComponent:60 - No mode defined for component null
2023-09-25 08:54:55,773 [WARN] ApiManager:304 - Cannot register API 'Board Extension:NFC07A1' from pack STMicroelectronics.X-CUBE-NFC7.1.0.1: no header file found
2023-09-25 08:54:55,781 [WARN] ApiManager:304 - Cannot register API 'Board Extension:NFC06A1' from pack STMicroelectronics.X-CUBE-NFC6.3.0.0: no header file found
2023-09-25 08:54:55,781 [WARN] ApiManager:304 - Cannot register API 'Board Extension:NFC08A1' from pack STMicroelectronics.X-CUBE-NFC6.3.0.0: no header file found
2023-09-25 08:54:55,783 [WARN] ApiManager:304 - Cannot register API 'Board Extension:EEPRMA1' from pack STMicroelectronics.X-CUBE-EEPRMA1.4.1.0: no header file found
2023-09-25 08:54:55,784 [WARN] ApiManager:304 - Cannot register API 'Board Extension:EEPRMA2' from pack STMicroelectronics.X-CUBE-EEPRMA1.4.1.0: no header file found
2023-09-25 08:54:55,784 [WARN] ApiManager:304 - Cannot register API 'Board Extension:PGEEZ1' from pack STMicroelectronics.X-CUBE-EEPRMA1.4.1.0: no header file found
2023-09-25 08:54:55,784 [WARN] ApiManager:304 - Cannot register API 'Board Part:M24' from pack STMicroelectronics.X-CUBE-EEPRMA1.4.1.0: no header file found
2023-09-25 08:54:55,784 [WARN] ApiManager:304 - Cannot register API 'Board Part:M95' from pack STMicroelectronics.X-CUBE-EEPRMA1.4.1.0: no header file found
2023-09-25 08:54:55,784 [WARN] ApiManager:304 - Cannot register API 'Board Part:M95P32' from pack STMicroelectronics.X-CUBE-EEPRMA1.4.1.0: no header file found
2023-09-25 08:54:55,784 [WARN] ApiManager:304 - Cannot register API 'PGEEZ1:SPI' from pack STMicroelectronics.X-CUBE-EEPRMA1.4.1.0: no header file found
2023-09-25 08:54:55,784 [WARN] ApiManager:304 - Cannot register API 'PGEEZ1:QDSPI' from pack STMicroelectronics.X-CUBE-EEPRMA1.4.1.0: no header file found
2023-09-25 08:54:56,014 [WARN] ApiManager:304 - Cannot register API 'Board Extension:IKS01A3' from pack STMicroelectronics.X-CUBE-MEMS1.9.6.0: no header file found
2023-09-25 08:54:56,015 [WARN] ApiManager:304 - Cannot register API 'Board Extension:IKS01A2' from pack STMicroelectronics.X-CUBE-MEMS1.9.6.0: no header file found
2023-09-25 08:54:56,015 [WARN] ApiManager:304 - Cannot register API 'Board Extension:IKS02A1' from pack STMicroelectronics.X-CUBE-MEMS1.9.6.0: no header file found
2023-09-25 08:54:56,026 [INFO] RtosManager:484 - Registered RTOS mode: class=CMSIS, group=RTOS, mode=CMSIS_V1, owner=FREERTOS
2023-09-25 08:54:56,026 [INFO] RtosManager:484 - Registered RTOS mode: class=CMSIS, group=RTOS2, mode=CMSIS_V2, owner=FREERTOS
2023-09-25 08:54:56,026 [INFO] RtosManager:484 - Registered RTOS mode: class=RTOS, group=Core, mode=CMSIS_V1, owner=FREERTOS
2023-09-25 08:54:56,027 [INFO] RtosManager:484 - Registered RTOS mode: class=RTOS, group=Core, mode=CMSIS_V2, owner=FREERTOS
2023-09-25 08:54:56,027 [WARN] ModelIntegratedComponent:181 - Missing modes for component STMicroelectronics:FreeRTOS:0.0.1:STMicroelectronics:RTOS:FreeRTOS:Core:::10.2.0:
2023-09-25 08:54:56,028 [WARN] ApiManager:304 - Cannot register API 'Board Extension:NFC04A1' from pack STMicroelectronics.X-CUBE-NFC4.3.0.0: no header file found
2023-09-25 08:54:56,031 [WARN] ApiManager:304 - Cannot register API 'Board Extension:S2868A1' from pack STMicroelectronics.X-CUBE-SUBG2.5.0.0: no header file found
2023-09-25 08:54:56,031 [WARN] ApiManager:304 - Cannot register API 'Board Extension:S2868A2' from pack STMicroelectronics.X-CUBE-SUBG2.5.0.0: no header file found
2023-09-25 08:54:56,031 [WARN] ApiManager:304 - Cannot register API 'Board Extension:S2915A1' from pack STMicroelectronics.X-CUBE-SUBG2.5.0.0: no header file found
2023-09-25 08:54:56,033 [WARN] ApiManager:304 - Cannot register API 'Board Extension:S2868A1' from pack STMicroelectronics.X-CUBE-SFXS2LP1.4.0.0: no header file found
2023-09-25 08:54:56,033 [WARN] ApiManager:304 - Cannot register API 'Board Extension:S2868A2' from pack STMicroelectronics.X-CUBE-SFXS2LP1.4.0.0: no header file found
2023-09-25 08:54:56,033 [WARN] ApiManager:304 - Cannot register API 'Board Extension:S2915A1' from pack STMicroelectronics.X-CUBE-SFXS2LP1.4.0.0: no header file found
2023-09-25 08:54:56,034 [WARN] ApiManager:304 - Cannot register API 'Wireless:BlueNRG-2' from pack STMicroelectronics.X-CUBE-BLE2.3.3.0: no header file found
2023-09-25 08:54:57,739 [INFO] UtilMem:74 - End LoadConfig() Used Memory: 689982464 Bytes (854589440)
2023-09-25 08:54:57,741 [WARN] ThirdParty:779 - waiting for thirdparty lock release [change project]
2023-09-25 08:54:57,741 [INFO] ThirdParty:781 - entering critical section [change project]
2023-09-25 08:54:57,741 [INFO] ThirdParty:967 - CMSIS Pack Vendor :STMicroelectronics X-CUBE-ISPU 1.1.0
2023-09-25 08:54:57,741 [INFO] ThirdParty:967 - CMSIS Pack Vendor :STMicroelectronics X-CUBE-GNSS1 6.0.0
2023-09-25 08:54:57,741 [INFO] ThirdParty:967 - CMSIS Pack Vendor :STMicroelectronics USB_HOST 2.0.0
2023-09-25 08:54:57,741 [INFO] ThirdParty:967 - CMSIS Pack Vendor :STMicroelectronics X-CUBE-AZRTOS-F4 1.1.0
2023-09-25 08:54:57,742 [INFO] ThirdParty:967 - CMSIS Pack Vendor :STMicroelectronics X-CUBE-BLE1 7.0.0
2023-09-25 08:54:57,742 [INFO] ThirdParty:967 - CMSIS Pack Vendor :STMicroelectronics FP-ATR-SIGFOX1 3.2.0
2023-09-25 08:54:57,742 [INFO] ThirdParty:967 - CMSIS Pack Vendor :wolfSSL I-CUBE-wolfSSL 5.6.3
2023-09-25 08:54:57,742 [INFO] ThirdParty:967 - CMSIS Pack Vendor :STMicroelectronics USB_DEVICE 3.0.0
2023-09-25 08:54:57,742 [INFO] ThirdParty:967 - CMSIS Pack Vendor :STMicroelectronics HAL Drivers 0.0.0
2023-09-25 08:54:57,742 [INFO] ThirdParty:967 - CMSIS Pack Vendor :STMicroelectronics MBEDTLS 2.16.2
2023-09-25 08:54:57,742 [INFO] ThirdParty:967 - CMSIS Pack Vendor :STMicroelectronics X-CUBE-AZRTOS-WB 2.0.0
2023-09-25 08:54:57,742 [INFO] ThirdParty:967 - CMSIS Pack Vendor :STMicroelectronics X-CUBE-TOUCHGFX 4.22.0
2023-09-25 08:54:57,742 [INFO] ThirdParty:967 - CMSIS Pack Vendor :STMicroelectronics X-CUBE-NFC7 1.0.1
2023-09-25 08:54:57,742 [INFO] ThirdParty:967 - CMSIS Pack Vendor :STMicroelectronics MBEDTLS 2.14.1
2023-09-25 08:54:57,742 [INFO] ThirdParty:967 - CMSIS Pack Vendor :STMicroelectronics X-CUBE-AZRTOS-F7 1.1.0
2023-09-25 08:54:57,742 [INFO] ThirdParty:967 - CMSIS Pack Vendor :STMicroelectronics X-CUBE-AZRTOS-L5 2.0.0
2023-09-25 08:54:57,742 [INFO] ThirdParty:967 - CMSIS Pack Vendor :STMicroelectronics X-CUBE-NFC6 3.0.0
2023-09-25 08:54:57,742 [INFO] ThirdParty:967 - CMSIS Pack Vendor :STMicroelectronics X-CUBE-EEPRMA1 4.1.0
2023-09-25 08:54:57,742 [INFO] ThirdParty:967 - CMSIS Pack Vendor :portGmbH I-Cube-SoM-uGOAL 1.1.0
2023-09-25 08:54:57,742 [INFO] ThirdParty:967 - CMSIS Pack Vendor :STMicroelectronics X-CUBE-ALS 1.0.1
2023-09-25 08:54:57,742 [INFO] ThirdParty:967 - CMSIS Pack Vendor :STMicroelectronics USB_DEVICE 2.0.0
2023-09-25 08:54:57,742 [INFO] ThirdParty:967 - CMSIS Pack Vendor :STMicroelectronics X-CUBE-MEMS1 9.6.0
2023-09-25 08:54:57,742 [INFO] ThirdParty:967 - CMSIS Pack Vendor :STMicroelectronics X-CUBE-AZRTOS-WL 2.0.0
2023-09-25 08:54:57,743 [INFO] ThirdParty:967 - CMSIS Pack Vendor :STMicroelectronics X-CUBE-ALGOBUILD 1.3.0
2023-09-25 08:54:57,743 [INFO] ThirdParty:967 - CMSIS Pack Vendor :SEGGER I-CUBE-embOS 1.3.1
2023-09-25 08:54:57,743 [INFO] ThirdParty:967 - CMSIS Pack Vendor :STMicroelectronics FreeRTOS 0.0.1
2023-09-25 08:54:57,743 [INFO] ThirdParty:967 - CMSIS Pack Vendor :STMicroelectronics X-CUBE-AZRTOS-G0 1.1.0
2023-09-25 08:54:57,743 [INFO] ThirdParty:967 - CMSIS Pack Vendor :STMicroelectronics USB_DEVICE 1.0.0
2023-09-25 08:54:57,743 [INFO] ThirdParty:967 - CMSIS Pack Vendor :STMicroelectronics X-CUBE-BLEMGR 2.0.0
2023-09-25 08:54:57,743 [INFO] ThirdParty:967 - CMSIS Pack Vendor :STMicroelectronics X-CUBE-AI 8.1.0
2023-09-25 08:54:57,743 [INFO] ThirdParty:967 - CMSIS Pack Vendor :STMicroelectronics X-CUBE-NFC4 3.0.0
2023-09-25 08:54:57,743 [INFO] ThirdParty:967 - CMSIS Pack Vendor :STMicroelectronics X-CUBE-SUBG2 5.0.0
2023-09-25 08:54:57,743 [INFO] ThirdParty:967 - CMSIS Pack Vendor :STMicroelectronics X-CUBE-AZRTOS-L4 2.0.0
2023-09-25 08:54:57,743 [INFO] ThirdParty:967 - CMSIS Pack Vendor :STMicroelectronics ThreadX 0.0.2
2023-09-25 08:54:57,743 [INFO] ThirdParty:967 - CMSIS Pack Vendor :WES I-CUBE-Cesium 1.3.0
2023-09-25 08:54:57,743 [INFO] ThirdParty:967 - CMSIS Pack Vendor :STMicroelectronics FP-ATR-ASTRA1 2.0.0
2023-09-25 08:54:57,743 [INFO] ThirdParty:967 - CMSIS Pack Vendor :STMicroelectronics lwIP 2.0.3
2023-09-25 08:54:57,743 [INFO] ThirdParty:967 - CMSIS Pack Vendor :STMicroelectronics lwIP 2.1.2
2023-09-25 08:54:57,743 [INFO] ThirdParty:967 - CMSIS Pack Vendor :STMicroelectronics X-CUBE-SFXS2LP1 4.0.0
2023-09-25 08:54:57,743 [INFO] ThirdParty:967 - CMSIS Pack Vendor :STMicroelectronics X-CUBE-BLE2 3.3.0
2023-09-25 08:54:57,743 [INFO] ThirdParty:967 - CMSIS Pack Vendor :STMicroelectronics USB_HOST 1.0.0
2023-09-25 08:54:57,743 [INFO] ThirdParty:967 - CMSIS Pack Vendor :STMicroelectronics X-CUBE-AZRTOS-G4 2.0.0
2023-09-25 08:54:57,743 [INFO] ThirdParty:967 - CMSIS Pack Vendor :STMicroelectronics PDM2PCM 3.1.0
2023-09-25 08:54:57,744 [INFO] ThirdParty:967 - CMSIS Pack Vendor :STMicroelectronics X-CUBE-AZRTOS-H7 3.1.0
2023-09-25 08:54:57,744 [INFO] ThirdParty:967 - CMSIS Pack Vendor :STMicroelectronics PDM2PCM 3.2.0
2023-09-25 08:54:57,744 [INFO] ThirdParty:967 - CMSIS Pack Vendor :STMicroelectronics PDM2PCM 3.3.0
2023-09-25 08:54:57,744 [INFO] ThirdParty:787 - exiting critical section [change project]
2023-09-25 08:54:57,963 [INFO] PinOutPanel:1463 - setPackage(No Configuration,No Configuration)
2023-09-25 08:54:57,965 [INFO] PinOutPanel:1463 - setPackage(STM32F103C6Ux,UFQFPN48)
2023-09-25 08:54:58,327 [INFO] UtilMem:74 - Before build in PCC Used Memory: 692095136 Bytes (854589440)
2023-09-25 08:54:58,976 [INFO] UtilMem:74 - After build in PCC Used Memory: 717418280 Bytes (854589440)
2023-09-25 08:54:58,992 [INFO] IPUIPlugin:74 - create IPUIPlugin
2023-09-25 08:54:58,993 [INFO] IPUIPlugin:74 - create IPUIPlugin
2023-09-25 08:54:58,993 [INFO] IPUIPlugin:74 - create IPUIPlugin
2023-09-25 08:54:58,993 [INFO] IPUIPlugin:74 - create IPUIPlugin
2023-09-25 08:54:58,993 [INFO] IPUIPlugin:74 - create IPUIPlugin
2023-09-25 08:54:58,993 [INFO] IPUIPlugin:74 - create IPUIPlugin
2023-09-25 08:54:58,993 [INFO] IPUIPlugin:74 - create IPUIPlugin
2023-09-25 08:54:58,993 [INFO] IPUIPlugin:74 - create IPUIPlugin
2023-09-25 08:54:58,993 [INFO] IPUIPlugin:74 - create IPUIPlugin
2023-09-25 08:54:58,993 [INFO] IPUIPlugin:74 - create IPUIPlugin
2023-09-25 08:54:58,994 [INFO] IPUIPlugin:74 - create IPUIPlugin
2023-09-25 08:54:58,994 [INFO] IPUIPlugin:74 - create IPUIPlugin
2023-09-25 08:54:58,994 [INFO] IPUIPlugin:74 - create IPUIPlugin
2023-09-25 08:54:58,994 [INFO] IPUIPlugin:74 - create IPUIPlugin
2023-09-25 08:54:58,994 [INFO] IPUIPlugin:74 - create IPUIPlugin
2023-09-25 08:54:58,995 [INFO] IPUIPlugin:74 - create IPUIPlugin
2023-09-25 08:54:58,995 [INFO] IPUIPlugin:74 - create IPUIPlugin
2023-09-25 08:54:58,995 [INFO] IPUIPlugin:74 - create IPUIPlugin
2023-09-25 08:54:58,995 [INFO] IPUIPlugin:74 - create IPUIPlugin
2023-09-25 08:54:58,996 [INFO] IPUIPlugin:74 - create IPUIPlugin
2023-09-25 08:54:58,996 [INFO] IPUIPlugin:74 - create IPUIPlugin
2023-09-25 08:54:58,996 [INFO] IPUIPlugin:74 - create IPUIPlugin
2023-09-25 08:54:58,996 [INFO] IPUIPlugin:74 - create IPUIPlugin
2023-09-25 08:54:59,084 [INFO] OpenFileManager:333 - Restore cursor
2023-09-25 08:54:59,324 [INFO] UtilMem:74 - End SaveConfig() Used Memory: 728234992 Bytes (854589440)
2023-09-25 08:54:59,376 [INFO] UtilMem:74 - End SaveConfig() Used Memory: 741463088 Bytes (854589440)
2023-09-25 08:54:59,767 [INFO] BlockDiagram:2740 - set Specific Code input for plugin: NVIC
2023-09-25 08:54:59,767 [INFO] BlockDiagram:2740 - set Specific Code input for plugin: SYS
2023-09-25 08:54:59,767 [INFO] BlockDiagram:2740 - set Specific Code input for plugin: RCC
2023-09-25 08:54:59,768 [INFO] CodeGenerator:663 - code generatio: config db path: D:\Study\MCU\Software\real\STM32CubeIDE_1.7.0\STM32CubeIDE\plugins\com.st.stm32cube.common.mx_6.3.0.202107141111\\db\
2023-09-25 08:55:00,149 [INFO] CodeEngine:239 - oldGeneratedFile, D:\Study\MCU\LAD_MCU\LAB1\LAB1\MXTmpFiles\license.tmp_save
2023-09-25 08:55:00,512 [INFO] CodeEngine:257 - Generated code: D:\Study\MCU\LAD_MCU\LAB1\LAB1\MXTmpFiles\license.tmp
2023-09-25 08:55:00,579 [INFO] CodeEngine:239 - oldGeneratedFile, D:\Study\MCU\LAD_MCU\LAB1\LAB1\Core\Src\stm32f1xx_it.c_save
2023-09-25 08:55:00,687 [INFO] CodeEngine:257 - Generated code: D:\Study\MCU\LAD_MCU\LAB1\LAB1\Core\Src\stm32f1xx_it.c
2023-09-25 08:55:00,689 [INFO] CodeEngine:239 - oldGeneratedFile, D:\Study\MCU\LAD_MCU\LAB1\LAB1\Core\Inc\stm32f1xx_it.h_save
2023-09-25 08:55:00,775 [INFO] CodeEngine:257 - Generated code: D:\Study\MCU\LAD_MCU\LAB1\LAB1\Core\Inc\stm32f1xx_it.h
2023-09-25 08:55:00,783 [INFO] CodeEngine:239 - oldGeneratedFile, D:\Study\MCU\LAD_MCU\LAB1\LAB1\Core\Src\stm32f1xx_hal_msp.c_save
2023-09-25 08:55:00,879 [INFO] CodeEngine:257 - Generated code: D:\Study\MCU\LAD_MCU\LAB1\LAB1\Core\Src\stm32f1xx_hal_msp.c
2023-09-25 08:55:00,882 [INFO] CodeEngine:239 - oldGeneratedFile, D:\Study\MCU\LAD_MCU\LAB1\LAB1\MXTmpFiles\system.tmp_save
2023-09-25 08:55:00,937 [INFO] CodeEngine:257 - Generated code: D:\Study\MCU\LAD_MCU\LAB1\LAB1\MXTmpFiles\system.tmp
2023-09-25 08:55:00,944 [INFO] CodeEngine:239 - oldGeneratedFile, D:\Study\MCU\LAD_MCU\LAB1\LAB1\Core\Inc\stm32f1xx_hal_conf.h_save
2023-09-25 08:55:01,056 [INFO] CodeEngine:257 - Generated code: D:\Study\MCU\LAD_MCU\LAB1\LAB1\Core\Inc\stm32f1xx_hal_conf.h
2023-09-25 08:55:01,102 [INFO] CodeEngine:239 - oldGeneratedFile, D:\Study\MCU\LAD_MCU\LAB1\LAB1\Core\Inc\main.h_save
2023-09-25 08:55:01,236 [INFO] CodeEngine:257 - Generated code: D:\Study\MCU\LAD_MCU\LAB1\LAB1\Core\Inc\main.h
2023-09-25 08:55:01,239 [INFO] CodeEngine:239 - oldGeneratedFile, D:\Study\MCU\LAD_MCU\LAB1\LAB1\Core\Src\main.c_save
2023-09-25 08:55:01,399 [INFO] CodeEngine:257 - Generated code: D:\Study\MCU\LAD_MCU\LAB1\LAB1\Core\Src\main.c
2023-09-25 08:55:02,361 [INFO] ProjectBuilder:2578 - Time for Copy HAL[1] : 79mS.
2023-09-25 08:55:02,368 [INFO] ProjectBuilder:3622 - Project Generator version: 3.14.1
2023-09-25 08:55:02,910 [INFO] ConfigFileManager:1271 - The Die is : DIE412
2023-09-25 08:55:02,923 [INFO] ApiDbMcu:468 - Load IP Config File for FATFS
2023-09-25 08:55:02,952 [INFO] ApiDbMcu:468 - Load IP Config File for FREERTOS
2023-09-25 08:55:02,976 [INFO] ApiDbMcu:468 - Load IP Config File for USB_DEVICE
2023-09-25 08:55:07,473 [INFO] ProjectBuilder:3789 - Time for Generating toolchain IDE Files: 5105mS.
2023-09-25 08:55:07,473 [INFO] ProjectBuilder:2457 - Time for Copy CMSIS : 0mS.
2023-09-25 08:55:07,475 [INFO] ProjectBuilder:2457 - Time for Copy CMSIS : 1mS.
2023-09-25 08:55:08,238 [INFO] McuFinderGlobals:52 - Set McuFinderConnectedMode to true
2023-09-25 08:55:08,240 [INFO] ApiDb:276 - Save user favorites file C:\Users\Huy Minh/.stm32cubeide/favorites.mcus.txt: 0 item(s)
2023-09-25 08:55:08,241 [INFO] ApiDb:280 - User favorites MCUs=[]
2023-09-25 08:55:51,845 [INFO] UtilMem:74 - End SaveConfig() Used Memory: 686191808 Bytes (1073741824)
2023-09-25 08:55:53,117 [INFO] UtilMem:74 - End SaveConfig() Used Memory: 709062792 Bytes (1073741824)
2023-09-25 08:55:55,569 [INFO] UtilMem:74 - End SaveConfig() Used Memory: 709485200 Bytes (1073741824)
2023-09-25 08:55:55,960 [INFO] BlockDiagram:2740 - set Specific Code input for plugin: NVIC
2023-09-25 08:55:55,960 [INFO] BlockDiagram:2740 - set Specific Code input for plugin: SYS
2023-09-25 08:55:55,960 [INFO] BlockDiagram:2740 - set Specific Code input for plugin: GPIO
2023-09-25 08:55:55,961 [INFO] BlockDiagram:2740 - set Specific Code input for plugin: RCC
2023-09-25 08:55:55,962 [INFO] CodeGenerator:663 - code generatio: config db path: D:\Study\MCU\Software\real\STM32CubeIDE_1.7.0\STM32CubeIDE\plugins\com.st.stm32cube.common.mx_6.3.0.202107141111\\db\
2023-09-25 08:55:56,331 [INFO] CodeEngine:239 - oldGeneratedFile, D:\Study\MCU\LAD_MCU\LAB1\LAB1\MXTmpFiles\license.tmp_save
2023-09-25 08:55:56,413 [INFO] CodeEngine:257 - Generated code: D:\Study\MCU\LAD_MCU\LAB1\LAB1\MXTmpFiles\license.tmp
2023-09-25 08:55:56,449 [INFO] CodeEngine:239 - oldGeneratedFile, D:\Study\MCU\LAD_MCU\LAB1\LAB1\MXTmpFiles\gpio.tmp_save
2023-09-25 08:55:56,521 [INFO] CodeEngine:257 - Generated code: D:\Study\MCU\LAD_MCU\LAB1\LAB1\MXTmpFiles\gpio.tmp
2023-09-25 08:55:56,542 [INFO] CodeEngine:239 - oldGeneratedFile, D:\Study\MCU\LAD_MCU\LAB1\LAB1\Core\Src\stm32f1xx_it.c_save
2023-09-25 08:55:56,616 [INFO] CodeEngine:257 - Generated code: D:\Study\MCU\LAD_MCU\LAB1\LAB1\Core\Src\stm32f1xx_it.c
2023-09-25 08:55:56,620 [INFO] CodeEngine:239 - oldGeneratedFile, D:\Study\MCU\LAD_MCU\LAB1\LAB1\Core\Inc\stm32f1xx_it.h_save
2023-09-25 08:55:56,763 [INFO] CodeEngine:257 - Generated code: D:\Study\MCU\LAD_MCU\LAB1\LAB1\Core\Inc\stm32f1xx_it.h
2023-09-25 08:55:56,780 [INFO] CodeEngine:239 - oldGeneratedFile, D:\Study\MCU\LAD_MCU\LAB1\LAB1\Core\Src\stm32f1xx_hal_msp.c_save
2023-09-25 08:55:56,874 [INFO] CodeEngine:257 - Generated code: D:\Study\MCU\LAD_MCU\LAB1\LAB1\Core\Src\stm32f1xx_hal_msp.c
2023-09-25 08:55:56,878 [INFO] CodeEngine:239 - oldGeneratedFile, D:\Study\MCU\LAD_MCU\LAB1\LAB1\MXTmpFiles\system.tmp_save
2023-09-25 08:55:56,921 [INFO] CodeEngine:257 - Generated code: D:\Study\MCU\LAD_MCU\LAB1\LAB1\MXTmpFiles\system.tmp
2023-09-25 08:55:56,942 [INFO] CodeEngine:239 - oldGeneratedFile, D:\Study\MCU\LAD_MCU\LAB1\LAB1\Core\Inc\stm32f1xx_hal_conf.h_save
2023-09-25 08:55:57,028 [INFO] CodeEngine:257 - Generated code: D:\Study\MCU\LAD_MCU\LAB1\LAB1\Core\Inc\stm32f1xx_hal_conf.h
2023-09-25 08:55:57,056 [INFO] CodeEngine:239 - oldGeneratedFile, D:\Study\MCU\LAD_MCU\LAB1\LAB1\Core\Inc\main.h_save
2023-09-25 08:55:57,130 [INFO] CodeEngine:257 - Generated code: D:\Study\MCU\LAD_MCU\LAB1\LAB1\Core\Inc\main.h
2023-09-25 08:55:57,140 [INFO] CodeEngine:239 - oldGeneratedFile, D:\Study\MCU\LAD_MCU\LAB1\LAB1\Core\Src\main.c_save
2023-09-25 08:55:57,238 [INFO] CodeEngine:257 - Generated code: D:\Study\MCU\LAD_MCU\LAB1\LAB1\Core\Src\main.c
2023-09-25 08:55:58,222 [INFO] ProjectBuilder:2578 - Time for Copy HAL[1] : 75mS.
2023-09-25 08:55:58,226 [INFO] ProjectBuilder:3622 - Project Generator version: 3.14.1
2023-09-25 08:55:58,738 [INFO] ConfigFileManager:1271 - The Die is : DIE412
2023-09-25 08:56:01,167 [INFO] ProjectBuilder:3789 - Time for Generating toolchain IDE Files: 2941mS.
2023-09-25 08:56:01,168 [INFO] ProjectBuilder:2457 - Time for Copy CMSIS : 0mS.
2023-09-25 08:56:01,170 [INFO] ProjectBuilder:2457 - Time for Copy CMSIS : 0mS.
2023-09-25 09:02:21,744 [INFO] UtilMem:74 - End SaveConfig() Used Memory: 774745928 Bytes (1073741824)
2023-09-25 09:02:22,897 [INFO] UtilMem:74 - End SaveConfig() Used Memory: 797498144 Bytes (1073741824)
2023-09-25 09:02:24,343 [INFO] UtilMem:74 - End SaveConfig() Used Memory: 864644984 Bytes (1073741824)
2023-09-25 09:02:24,647 [INFO] BlockDiagram:2740 - set Specific Code input for plugin: NVIC
2023-09-25 09:02:24,647 [INFO] BlockDiagram:2740 - set Specific Code input for plugin: SYS
2023-09-25 09:02:24,647 [INFO] BlockDiagram:2740 - set Specific Code input for plugin: GPIO
2023-09-25 09:02:24,647 [INFO] BlockDiagram:2740 - set Specific Code input for plugin: RCC
2023-09-25 09:02:24,648 [INFO] CodeGenerator:663 - code generatio: config db path: D:\Study\MCU\Software\real\STM32CubeIDE_1.7.0\STM32CubeIDE\plugins\com.st.stm32cube.common.mx_6.3.0.202107141111\\db\
2023-09-25 09:02:24,910 [INFO] CodeEngine:239 - oldGeneratedFile, D:\Study\MCU\LAD_MCU\LAB1\LAB1\MXTmpFiles\license.tmp_save
2023-09-25 09:02:24,993 [INFO] CodeEngine:257 - Generated code: D:\Study\MCU\LAD_MCU\LAB1\LAB1\MXTmpFiles\license.tmp
2023-09-25 09:02:25,006 [INFO] CodeEngine:239 - oldGeneratedFile, D:\Study\MCU\LAD_MCU\LAB1\LAB1\MXTmpFiles\gpio.tmp_save
2023-09-25 09:02:25,182 [INFO] CodeEngine:257 - Generated code: D:\Study\MCU\LAD_MCU\LAB1\LAB1\MXTmpFiles\gpio.tmp
2023-09-25 09:02:25,215 [INFO] CodeEngine:239 - oldGeneratedFile, D:\Study\MCU\LAD_MCU\LAB1\LAB1\Core\Src\stm32f1xx_it.c_save
2023-09-25 09:02:25,326 [INFO] CodeEngine:257 - Generated code: D:\Study\MCU\LAD_MCU\LAB1\LAB1\Core\Src\stm32f1xx_it.c
2023-09-25 09:02:25,330 [INFO] CodeEngine:239 - oldGeneratedFile, D:\Study\MCU\LAD_MCU\LAB1\LAB1\Core\Inc\stm32f1xx_it.h_save
2023-09-25 09:02:25,412 [INFO] CodeEngine:257 - Generated code: D:\Study\MCU\LAD_MCU\LAB1\LAB1\Core\Inc\stm32f1xx_it.h
2023-09-25 09:02:25,433 [INFO] CodeEngine:239 - oldGeneratedFile, D:\Study\MCU\LAD_MCU\LAB1\LAB1\Core\Src\stm32f1xx_hal_msp.c_save
2023-09-25 09:02:25,531 [INFO] CodeEngine:257 - Generated code: D:\Study\MCU\LAD_MCU\LAB1\LAB1\Core\Src\stm32f1xx_hal_msp.c
2023-09-25 09:02:25,536 [INFO] CodeEngine:239 - oldGeneratedFile, D:\Study\MCU\LAD_MCU\LAB1\LAB1\MXTmpFiles\system.tmp_save
2023-09-25 09:02:25,591 [INFO] CodeEngine:257 - Generated code: D:\Study\MCU\LAD_MCU\LAB1\LAB1\MXTmpFiles\system.tmp
2023-09-25 09:02:25,611 [INFO] CodeEngine:239 - oldGeneratedFile, D:\Study\MCU\LAD_MCU\LAB1\LAB1\Core\Inc\stm32f1xx_hal_conf.h_save
2023-09-25 09:02:25,708 [INFO] CodeEngine:257 - Generated code: D:\Study\MCU\LAD_MCU\LAB1\LAB1\Core\Inc\stm32f1xx_hal_conf.h
2023-09-25 09:02:25,738 [INFO] CodeEngine:239 - oldGeneratedFile, D:\Study\MCU\LAD_MCU\LAB1\LAB1\Core\Inc\main.h_save
2023-09-25 09:02:25,830 [INFO] CodeEngine:257 - Generated code: D:\Study\MCU\LAD_MCU\LAB1\LAB1\Core\Inc\main.h
2023-09-25 09:02:25,842 [INFO] CodeEngine:239 - oldGeneratedFile, D:\Study\MCU\LAD_MCU\LAB1\LAB1\Core\Src\main.c_save
2023-09-25 09:02:25,980 [INFO] CodeEngine:257 - Generated code: D:\Study\MCU\LAD_MCU\LAB1\LAB1\Core\Src\main.c
2023-09-25 09:02:26,915 [INFO] ProjectBuilder:2578 - Time for Copy HAL[1] : 82mS.
2023-09-25 09:02:26,918 [INFO] ProjectBuilder:3622 - Project Generator version: 3.14.1
2023-09-25 09:02:27,377 [INFO] ConfigFileManager:1271 - The Die is : DIE412
2023-09-25 09:02:29,398 [INFO] ProjectBuilder:3789 - Time for Generating toolchain IDE Files: 2480mS.
2023-09-25 09:02:29,399 [INFO] ProjectBuilder:2457 - Time for Copy CMSIS : 0mS.
2023-09-25 09:02:29,401 [INFO] ProjectBuilder:2457 - Time for Copy CMSIS : 0mS.
2023-09-25 09:08:45,315 [INFO] UtilMem:74 - End SaveConfig() Used Memory: 807191376 Bytes (1073741824)
2023-09-25 09:08:46,618 [INFO] UtilMem:74 - End SaveConfig() Used Memory: 829488840 Bytes (1073741824)
2023-09-25 09:08:48,085 [INFO] UtilMem:74 - End SaveConfig() Used Memory: 878933928 Bytes (1073741824)
2023-09-25 09:08:48,333 [INFO] BlockDiagram:2740 - set Specific Code input for plugin: NVIC
2023-09-25 09:08:48,334 [INFO] BlockDiagram:2740 - set Specific Code input for plugin: SYS
2023-09-25 09:08:48,334 [INFO] BlockDiagram:2740 - set Specific Code input for plugin: GPIO
2023-09-25 09:08:48,334 [INFO] BlockDiagram:2740 - set Specific Code input for plugin: RCC
2023-09-25 09:08:48,335 [INFO] CodeGenerator:663 - code generatio: config db path: D:\Study\MCU\Software\real\STM32CubeIDE_1.7.0\STM32CubeIDE\plugins\com.st.stm32cube.common.mx_6.3.0.202107141111\\db\
2023-09-25 09:08:48,588 [INFO] CodeEngine:239 - oldGeneratedFile, D:\Study\MCU\LAD_MCU\LAB1\LAB1\MXTmpFiles\license.tmp_save
2023-09-25 09:08:48,644 [INFO] CodeEngine:257 - Generated code: D:\Study\MCU\LAD_MCU\LAB1\LAB1\MXTmpFiles\license.tmp
2023-09-25 09:08:48,656 [INFO] CodeEngine:239 - oldGeneratedFile, D:\Study\MCU\LAD_MCU\LAB1\LAB1\MXTmpFiles\gpio.tmp_save
2023-09-25 09:08:48,751 [INFO] CodeEngine:257 - Generated code: D:\Study\MCU\LAD_MCU\LAB1\LAB1\MXTmpFiles\gpio.tmp
2023-09-25 09:08:48,773 [INFO] CodeEngine:239 - oldGeneratedFile, D:\Study\MCU\LAD_MCU\LAB1\LAB1\Core\Src\stm32f1xx_it.c_save
2023-09-25 09:08:48,925 [INFO] CodeEngine:257 - Generated code: D:\Study\MCU\LAD_MCU\LAB1\LAB1\Core\Src\stm32f1xx_it.c
2023-09-25 09:08:48,929 [INFO] CodeEngine:239 - oldGeneratedFile, D:\Study\MCU\LAD_MCU\LAB1\LAB1\Core\Inc\stm32f1xx_it.h_save
2023-09-25 09:08:48,998 [INFO] CodeEngine:257 - Generated code: D:\Study\MCU\LAD_MCU\LAB1\LAB1\Core\Inc\stm32f1xx_it.h
2023-09-25 09:08:49,018 [INFO] CodeEngine:239 - oldGeneratedFile, D:\Study\MCU\LAD_MCU\LAB1\LAB1\Core\Src\stm32f1xx_hal_msp.c_save
2023-09-25 09:08:49,111 [INFO] CodeEngine:257 - Generated code: D:\Study\MCU\LAD_MCU\LAB1\LAB1\Core\Src\stm32f1xx_hal_msp.c
2023-09-25 09:08:49,113 [INFO] CodeEngine:239 - oldGeneratedFile, D:\Study\MCU\LAD_MCU\LAB1\LAB1\MXTmpFiles\system.tmp_save
2023-09-25 09:08:49,149 [INFO] CodeEngine:257 - Generated code: D:\Study\MCU\LAD_MCU\LAB1\LAB1\MXTmpFiles\system.tmp
2023-09-25 09:08:49,160 [INFO] CodeEngine:239 - oldGeneratedFile, D:\Study\MCU\LAD_MCU\LAB1\LAB1\Core\Inc\stm32f1xx_hal_conf.h_save
2023-09-25 09:08:49,265 [INFO] CodeEngine:257 - Generated code: D:\Study\MCU\LAD_MCU\LAB1\LAB1\Core\Inc\stm32f1xx_hal_conf.h
2023-09-25 09:08:49,291 [INFO] CodeEngine:239 - oldGeneratedFile, D:\Study\MCU\LAD_MCU\LAB1\LAB1\Core\Inc\main.h_save
2023-09-25 09:08:49,350 [INFO] CodeEngine:257 - Generated code: D:\Study\MCU\LAD_MCU\LAB1\LAB1\Core\Inc\main.h
2023-09-25 09:08:49,358 [INFO] CodeEngine:239 - oldGeneratedFile, D:\Study\MCU\LAD_MCU\LAB1\LAB1\Core\Src\main.c_save
2023-09-25 09:08:49,472 [INFO] CodeEngine:257 - Generated code: D:\Study\MCU\LAD_MCU\LAB1\LAB1\Core\Src\main.c
2023-09-25 09:08:50,237 [INFO] ProjectBuilder:2578 - Time for Copy HAL[1] : 49mS.
2023-09-25 09:08:50,239 [INFO] ProjectBuilder:3622 - Project Generator version: 3.14.1
2023-09-25 09:08:50,639 [INFO] ConfigFileManager:1271 - The Die is : DIE412
2023-09-25 09:08:52,413 [INFO] ProjectBuilder:3789 - Time for Generating toolchain IDE Files: 2174mS.
2023-09-25 09:08:52,414 [INFO] ProjectBuilder:2457 - Time for Copy CMSIS : 0mS.
2023-09-25 09:08:52,416 [INFO] ProjectBuilder:2457 - Time for Copy CMSIS : 0mS.
2023-09-25 09:09:47,534 [INFO] UtilMem:74 - End SaveConfig() Used Memory: 826923584 Bytes (1073741824)
2023-09-25 09:09:49,308 [INFO] UtilMem:74 - End SaveConfig() Used Memory: 849954864 Bytes (1073741824)
2023-09-25 09:09:51,641 [INFO] UtilMem:74 - End SaveConfig() Used Memory: 917063728 Bytes (1073741824)
2023-09-25 09:09:51,905 [INFO] BlockDiagram:2740 - set Specific Code input for plugin: NVIC
2023-09-25 09:09:51,905 [INFO] BlockDiagram:2740 - set Specific Code input for plugin: SYS
2023-09-25 09:09:51,906 [INFO] BlockDiagram:2740 - set Specific Code input for plugin: GPIO
2023-09-25 09:09:51,906 [INFO] BlockDiagram:2740 - set Specific Code input for plugin: RCC
2023-09-25 09:09:51,906 [INFO] CodeGenerator:663 - code generatio: config db path: D:\Study\MCU\Software\real\STM32CubeIDE_1.7.0\STM32CubeIDE\plugins\com.st.stm32cube.common.mx_6.3.0.202107141111\\db\
2023-09-25 09:09:52,123 [INFO] CodeEngine:239 - oldGeneratedFile, D:\Study\MCU\LAD_MCU\LAB1\LAB1\MXTmpFiles\license.tmp_save
2023-09-25 09:09:52,181 [INFO] CodeEngine:257 - Generated code: D:\Study\MCU\LAD_MCU\LAB1\LAB1\MXTmpFiles\license.tmp
2023-09-25 09:09:52,232 [INFO] CodeEngine:239 - oldGeneratedFile, D:\Study\MCU\LAD_MCU\LAB1\LAB1\MXTmpFiles\gpio.tmp_save
2023-09-25 09:09:52,321 [INFO] CodeEngine:257 - Generated code: D:\Study\MCU\LAD_MCU\LAB1\LAB1\MXTmpFiles\gpio.tmp
2023-09-25 09:09:52,347 [INFO] CodeEngine:239 - oldGeneratedFile, D:\Study\MCU\LAD_MCU\LAB1\LAB1\Core\Src\stm32f1xx_it.c_save
2023-09-25 09:09:52,457 [INFO] CodeEngine:257 - Generated code: D:\Study\MCU\LAD_MCU\LAB1\LAB1\Core\Src\stm32f1xx_it.c
2023-09-25 09:09:52,460 [INFO] CodeEngine:239 - oldGeneratedFile, D:\Study\MCU\LAD_MCU\LAB1\LAB1\Core\Inc\stm32f1xx_it.h_save
2023-09-25 09:09:52,520 [INFO] CodeEngine:257 - Generated code: D:\Study\MCU\LAD_MCU\LAB1\LAB1\Core\Inc\stm32f1xx_it.h
2023-09-25 09:09:52,535 [INFO] CodeEngine:239 - oldGeneratedFile, D:\Study\MCU\LAD_MCU\LAB1\LAB1\Core\Src\stm32f1xx_hal_msp.c_save
2023-09-25 09:09:52,622 [INFO] CodeEngine:257 - Generated code: D:\Study\MCU\LAD_MCU\LAB1\LAB1\Core\Src\stm32f1xx_hal_msp.c
2023-09-25 09:09:52,624 [INFO] CodeEngine:239 - oldGeneratedFile, D:\Study\MCU\LAD_MCU\LAB1\LAB1\MXTmpFiles\system.tmp_save
2023-09-25 09:09:52,690 [INFO] CodeEngine:257 - Generated code: D:\Study\MCU\LAD_MCU\LAB1\LAB1\MXTmpFiles\system.tmp
2023-09-25 09:09:52,704 [INFO] CodeEngine:239 - oldGeneratedFile, D:\Study\MCU\LAD_MCU\LAB1\LAB1\Core\Inc\stm32f1xx_hal_conf.h_save
2023-09-25 09:09:52,771 [INFO] CodeEngine:257 - Generated code: D:\Study\MCU\LAD_MCU\LAB1\LAB1\Core\Inc\stm32f1xx_hal_conf.h
2023-09-25 09:09:52,798 [INFO] CodeEngine:239 - oldGeneratedFile, D:\Study\MCU\LAD_MCU\LAB1\LAB1\Core\Inc\main.h_save
2023-09-25 09:09:52,858 [INFO] CodeEngine:257 - Generated code: D:\Study\MCU\LAD_MCU\LAB1\LAB1\Core\Inc\main.h
2023-09-25 09:09:52,866 [INFO] CodeEngine:239 - oldGeneratedFile, D:\Study\MCU\LAD_MCU\LAB1\LAB1\Core\Src\main.c_save
2023-09-25 09:09:52,933 [INFO] CodeEngine:257 - Generated code: D:\Study\MCU\LAD_MCU\LAB1\LAB1\Core\Src\main.c
2023-09-25 09:09:53,684 [INFO] ProjectBuilder:2578 - Time for Copy HAL[1] : 57mS.
2023-09-25 09:09:53,687 [INFO] ProjectBuilder:3622 - Project Generator version: 3.14.1
2023-09-25 09:09:54,079 [INFO] ConfigFileManager:1271 - The Die is : DIE412
2023-09-25 09:09:56,192 [INFO] ProjectBuilder:3789 - Time for Generating toolchain IDE Files: 2505mS.
2023-09-25 09:09:56,193 [INFO] ProjectBuilder:2457 - Time for Copy CMSIS : 0mS.
2023-09-25 09:09:56,195 [INFO] ProjectBuilder:2457 - Time for Copy CMSIS : 0mS.
2023-09-25 09:27:22,076 [INFO] UtilMem:74 - End SaveConfig() Used Memory: 935807872 Bytes (1073741824)
2023-09-25 09:27:23,747 [INFO] UtilMem:74 - End SaveConfig() Used Memory: 958354304 Bytes (1073741824)
2023-09-25 09:27:25,122 [INFO] UtilMem:74 - End SaveConfig() Used Memory: 813408976 Bytes (1073741824)
2023-09-25 09:27:25,357 [INFO] BlockDiagram:2740 - set Specific Code input for plugin: NVIC
2023-09-25 09:27:25,357 [INFO] BlockDiagram:2740 - set Specific Code input for plugin: SYS
2023-09-25 09:27:25,357 [INFO] BlockDiagram:2740 - set Specific Code input for plugin: GPIO
2023-09-25 09:27:25,357 [INFO] BlockDiagram:2740 - set Specific Code input for plugin: RCC
2023-09-25 09:27:25,358 [INFO] CodeGenerator:663 - code generatio: config db path: D:\Study\MCU\Software\real\STM32CubeIDE_1.7.0\STM32CubeIDE\plugins\com.st.stm32cube.common.mx_6.3.0.202107141111\\db\
2023-09-25 09:27:25,569 [INFO] CodeEngine:239 - oldGeneratedFile, D:\Study\MCU\LAD_MCU\LAB1\LAB1\MXTmpFiles\license.tmp_save
2023-09-25 09:27:25,665 [INFO] CodeEngine:257 - Generated code: D:\Study\MCU\LAD_MCU\LAB1\LAB1\MXTmpFiles\license.tmp
2023-09-25 09:27:25,680 [INFO] CodeEngine:239 - oldGeneratedFile, D:\Study\MCU\LAD_MCU\LAB1\LAB1\MXTmpFiles\gpio.tmp_save
2023-09-25 09:27:25,747 [INFO] CodeEngine:257 - Generated code: D:\Study\MCU\LAD_MCU\LAB1\LAB1\MXTmpFiles\gpio.tmp
2023-09-25 09:27:25,777 [INFO] CodeEngine:239 - oldGeneratedFile, D:\Study\MCU\LAD_MCU\LAB1\LAB1\Core\Src\stm32f1xx_it.c_save
2023-09-25 09:27:25,899 [INFO] CodeEngine:257 - Generated code: D:\Study\MCU\LAD_MCU\LAB1\LAB1\Core\Src\stm32f1xx_it.c
2023-09-25 09:27:25,903 [INFO] CodeEngine:239 - oldGeneratedFile, D:\Study\MCU\LAD_MCU\LAB1\LAB1\Core\Inc\stm32f1xx_it.h_save
2023-09-25 09:27:25,959 [INFO] CodeEngine:257 - Generated code: D:\Study\MCU\LAD_MCU\LAB1\LAB1\Core\Inc\stm32f1xx_it.h
2023-09-25 09:27:25,972 [INFO] CodeEngine:239 - oldGeneratedFile, D:\Study\MCU\LAD_MCU\LAB1\LAB1\Core\Src\stm32f1xx_hal_msp.c_save
2023-09-25 09:27:26,041 [INFO] CodeEngine:257 - Generated code: D:\Study\MCU\LAD_MCU\LAB1\LAB1\Core\Src\stm32f1xx_hal_msp.c
2023-09-25 09:27:26,043 [INFO] CodeEngine:239 - oldGeneratedFile, D:\Study\MCU\LAD_MCU\LAB1\LAB1\MXTmpFiles\system.tmp_save
2023-09-25 09:27:26,078 [INFO] CodeEngine:257 - Generated code: D:\Study\MCU\LAD_MCU\LAB1\LAB1\MXTmpFiles\system.tmp
2023-09-25 09:27:26,090 [INFO] CodeEngine:239 - oldGeneratedFile, D:\Study\MCU\LAD_MCU\LAB1\LAB1\Core\Inc\stm32f1xx_hal_conf.h_save
2023-09-25 09:27:26,156 [INFO] CodeEngine:257 - Generated code: D:\Study\MCU\LAD_MCU\LAB1\LAB1\Core\Inc\stm32f1xx_hal_conf.h
2023-09-25 09:27:26,179 [INFO] CodeEngine:239 - oldGeneratedFile, D:\Study\MCU\LAD_MCU\LAB1\LAB1\Core\Inc\main.h_save
2023-09-25 09:27:26,269 [INFO] CodeEngine:257 - Generated code: D:\Study\MCU\LAD_MCU\LAB1\LAB1\Core\Inc\main.h
2023-09-25 09:27:26,278 [INFO] CodeEngine:239 - oldGeneratedFile, D:\Study\MCU\LAD_MCU\LAB1\LAB1\Core\Src\main.c_save
2023-09-25 09:27:26,363 [INFO] CodeEngine:257 - Generated code: D:\Study\MCU\LAD_MCU\LAB1\LAB1\Core\Src\main.c
2023-09-25 09:27:26,998 [INFO] ProjectBuilder:2578 - Time for Copy HAL[1] : 56mS.
2023-09-25 09:27:27,001 [INFO] ProjectBuilder:3622 - Project Generator version: 3.14.1
2023-09-25 09:27:27,329 [INFO] ConfigFileManager:1271 - The Die is : DIE412
2023-09-25 09:27:28,847 [INFO] ProjectBuilder:3789 - Time for Generating toolchain IDE Files: 1846mS.
2023-09-25 09:27:28,848 [INFO] ProjectBuilder:2457 - Time for Copy CMSIS : 0mS.
2023-09-25 09:27:28,849 [INFO] ProjectBuilder:2457 - Time for Copy CMSIS : 0mS.
